#
# There is insufficient memory for the Java Runtime Environment to continue.
# Native memory allocation (malloc) failed to allocate 1257456 bytes for Chunk::new
# Possible reasons:
#   The system is out of physical RAM or swap space
#   The process is running with CompressedOops enabled, and the Java Heap may be blocking the growth of the native heap
# Possible solutions:
#   Reduce memory load on the system
#   Increase physical memory or swap space
#   Check if swap backing store is full
#   Decrease Java heap size (-Xmx/-Xms)
#   Decrease number of Java threads
#   Decrease Java thread stack sizes (-Xss)
#   Set larger code cache with -XX:ReservedCodeCacheSize=
#   JVM is running with Unscaled Compressed Oops mode in which the Java heap is
#     placed in the first 4GB address space. The Java Heap base address is the
#     maximum limit for the native heap growth. Please use -XX:HeapBaseMinAddress
#     to set the Java Heap base and to place the Java Heap above 4GB virtual address.
# This output file may be truncated or incomplete.
#
#  Out of Memory Error (allocation.cpp:389), pid=10700, tid=0x0000000000001380
#
# JRE version: OpenJDK Runtime Environment (8.0_212-b04) (build 1.8.0_212-release-1586-b04)
# Java VM: OpenJDK 64-Bit Server VM (25.212-b04 mixed mode windows-amd64 compressed oops)
# Failed to write core dump. Minidumps are not enabled by default on client versions of Windows
#

---------------  T H R E A D  ---------------

Current thread (0x0000000018c55000):  JavaThread "C2 CompilerThread2" daemon [_thread_in_native, id=4992, stack(0x0000000019730000,0x0000000019830000)]

Stack: [0x0000000019730000,0x0000000019830000]
[error occurred during error reporting (printing stack bounds), id 0xc0000005]

Native frames: (J=compiled Java code, j=interpreted, Vv=VM code, C=native code)


Current CompileTask:
C2:  38933 11384       4       com.android.builder.symbols.BytecodeRClassWriterKt::generateResourceTypeClass (595 bytes)


---------------  P R O C E S S  ---------------

Java Threads: ( => current thread )
  0x000000001bc32800 JavaThread "WorkerExecutor Queue Thread 3" [_thread_blocked, id=1492, stack(0x000000002b0b0000,0x000000002b1b0000)]
  0x000000001bc32000 JavaThread "WorkerExecutor Queue Thread 2" [_thread_blocked, id=11832, stack(0x000000002afb0000,0x000000002b0b0000)]
  0x000000001bc35800 JavaThread "stdout" [_thread_in_native, id=9624, stack(0x000000002ad70000,0x000000002ae70000)]
  0x000000001bc29800 JavaThread "stderr" [_thread_in_native, id=10896, stack(0x000000002ac70000,0x000000002ad70000)]
  0x000000001bc30800 JavaThread "pool-4-thread-1" [_thread_blocked, id=4072, stack(0x000000002ab70000,0x000000002ac70000)]
  0x000000001bc2c800 JavaThread "WorkerExecutor Queue" [_thread_blocked, id=12472, stack(0x0000000027790000,0x0000000027890000)]
  0x000000001bc2b000 JavaThread "Cache worker for execution history cache (D:\Do An Androi\LuxuryShop_Android\DoAnAndroid\.gradle\5.6.4\executionHistory)" [_thread_blocked, id=2972, stack(0x00000000278c0000,0x00000000279c0000)]
  0x000000001bc29000 JavaThread "Execution worker for ':' Thread 7" [_thread_blocked, id=13460, stack(0x00000000266c0000,0x00000000267c0000)]
  0x000000001bc2f000 JavaThread "Execution worker for ':' Thread 6" [_thread_blocked, id=1832, stack(0x00000000265c0000,0x00000000266c0000)]
  0x000000001bc2f800 JavaThread "Execution worker for ':' Thread 5" [_thread_blocked, id=10768, stack(0x00000000264c0000,0x00000000265c0000)]
  0x000000001bc27000 JavaThread "Execution worker for ':' Thread 4" [_thread_blocked, id=14028, stack(0x00000000263c0000,0x00000000264c0000)]
  0x000000001bc2d800 JavaThread "Execution worker for ':' Thread 3" [_thread_blocked, id=8312, stack(0x00000000262c0000,0x00000000263c0000)]
  0x000000001bc26800 JavaThread "Execution worker for ':' Thread 2" [_thread_blocked, id=8960, stack(0x0000000025fc0000,0x00000000260c0000)]
  0x000000001bc2a800 JavaThread "Execution worker for ':'" [_thread_blocked, id=10496, stack(0x0000000025cc0000,0x0000000025dc0000)]
  0x000000002939f800 JavaThread "Cache worker for file content cache (D:\Do An Androi\LuxuryShop_Android\DoAnAndroid\.gradle\5.6.4\fileContent)" [_thread_blocked, id=13112, stack(0x0000000025bc0000,0x0000000025cc0000)]
  0x000000002939e000 JavaThread "Cache worker for Build Output Cleanup Cache (D:\Do An Androi\LuxuryShop_Android\DoAnAndroid\.gradle\buildOutputCleanup)" [_thread_blocked, id=5832, stack(0x0000000025ac0000,0x0000000025bc0000)]
  0x00000000293a2000 JavaThread "Build operations Thread 8" [_thread_blocked, id=3540, stack(0x00000000259c0000,0x0000000025ac0000)]
  0x00000000293a1000 JavaThread "Build operations Thread 7" [_thread_blocked, id=9652, stack(0x00000000258c0000,0x00000000259c0000)]
  0x00000000293a0000 JavaThread "Build operations Thread 6" [_thread_blocked, id=700, stack(0x0000000024960000,0x0000000024a60000)]
  0x0000000029397000 JavaThread "Build operations Thread 5" [_thread_blocked, id=8564, stack(0x0000000023e30000,0x0000000023f30000)]
  0x000000002939d000 JavaThread "Build operations Thread 4" [_thread_blocked, id=7572, stack(0x0000000023730000,0x0000000023830000)]
  0x000000002939b800 JavaThread "Build operations Thread 3" [_thread_blocked, id=10348, stack(0x0000000023630000,0x0000000023730000)]
  0x0000000029396800 JavaThread "Build operations Thread 2" [_thread_blocked, id=13604, stack(0x0000000023530000,0x0000000023630000)]
  0x000000002939c800 JavaThread "Build operations" [_thread_blocked, id=13492, stack(0x0000000023430000,0x0000000023530000)]
  0x000000002939b000 JavaThread "Cache worker for cache directory md-rule (C:\Users\LAPTOP-MSI\.gradle\caches\5.6.4\md-rule)" [_thread_blocked, id=13448, stack(0x0000000023330000,0x0000000023430000)]
  0x0000000029393800 JavaThread "Cache worker for cache directory md-supplier (C:\Users\LAPTOP-MSI\.gradle\caches\5.6.4\md-supplier)" [_thread_blocked, id=11152, stack(0x0000000023230000,0x0000000023330000)]
  0x0000000029395800 JavaThread "Cache worker for file hash cache (D:\Do An Androi\LuxuryShop_Android\DoAnAndroid\.gradle\5.6.4\fileHashes)" [_thread_blocked, id=8092, stack(0x0000000023130000,0x0000000023230000)]
  0x0000000029394000 JavaThread "Thread-50" [_thread_blocked, id=13852, stack(0x0000000023030000,0x0000000023130000)]
  0x000000002939a000 JavaThread "Stdin handler" [_thread_blocked, id=1340, stack(0x0000000022940000,0x0000000022a40000)]
  0x0000000029399800 JavaThread "Asynchronous log dispatcher for DefaultDaemonConnection: socket connection from /127.0.0.1:63697 to /127.0.0.1:63705" [_thread_blocked, id=12292, stack(0x0000000021620000,0x0000000021720000)]
  0x0000000029398000 JavaThread "Cancel handler" [_thread_blocked, id=15080, stack(0x000000001fcf0000,0x000000001fdf0000)]
  0x0000000029398800 JavaThread "Handler for socket connection from /127.0.0.1:63697 to /127.0.0.1:63705" [_thread_in_native, id=11752, stack(0x000000001d250000,0x000000001d350000)]
  0x0000000029395000 JavaThread "ForkJoinPool.commonPool-worker-1" daemon [_thread_blocked, id=1152, stack(0x00000000257c0000,0x00000000258c0000)]
  0x000000001bc35000 JavaThread "Cache worker for file content cache (C:\Users\LAPTOP-MSI\.gradle\caches\5.6.4\fileContent)" [_thread_blocked, id=1936, stack(0x0000000024860000,0x0000000024960000)]
  0x000000001bc34000 JavaThread "Memory manager" [_thread_blocked, id=13820, stack(0x0000000024130000,0x0000000024230000)]
  0x000000001bc2c000 JavaThread "Cache worker for execution history cache (C:\Users\LAPTOP-MSI\.gradle\caches\5.6.4\executionHistory)" [_thread_blocked, id=14644, stack(0x0000000022a40000,0x0000000022b40000)]
  0x000000001b7f5800 JavaThread "Cache worker for journal cache (C:\Users\LAPTOP-MSI\.gradle\caches\journal-1)" [_thread_blocked, id=5708, stack(0x000000001d850000,0x000000001d950000)]
  0x000000001b7f3000 JavaThread "File lock request listener" [_thread_in_native, id=12356, stack(0x000000001d750000,0x000000001d850000)]
  0x0000000019d44000 JavaThread "Cache worker for file hash cache (C:\Users\LAPTOP-MSI\.gradle\caches\5.6.4\fileHashes)" [_thread_blocked, id=4740, stack(0x000000001d650000,0x000000001d750000)]
  0x000000001b7c9000 JavaThread "Daemon worker" [_thread_in_Java, id=7016, stack(0x000000001d150000,0x000000001d250000)]
  0x000000001b7c1800 JavaThread "Daemon" [_thread_blocked, id=9476, stack(0x000000001cc50000,0x000000001cd50000)]
  0x000000001b6e5000 JavaThread "Daemon periodic checks" [_thread_blocked, id=5908, stack(0x000000001cb50000,0x000000001cc50000)]
  0x000000001b6ef000 JavaThread "Incoming local TCP Connector on port 63697" [_thread_in_native, id=9136, stack(0x000000001c910000,0x000000001ca10000)]
  0x0000000019c18000 JavaThread "Daemon health stats" [_thread_blocked, id=15124, stack(0x000000001c2d0000,0x000000001c3d0000)]
  0x0000000018ca0000 JavaThread "Service Thread" daemon [_thread_blocked, id=13120, stack(0x0000000019930000,0x0000000019a30000)]
  0x0000000018c65800 JavaThread "C1 CompilerThread3" daemon [_thread_blocked, id=6448, stack(0x0000000019830000,0x0000000019930000)]
=>0x0000000018c55000 JavaThread "C2 CompilerThread2" daemon [_thread_in_native, id=4992, stack(0x0000000019730000,0x0000000019830000)]
  0x0000000018c4d800 JavaThread "C2 CompilerThread1" daemon [_thread_in_native, id=5560, stack(0x0000000019630000,0x0000000019730000)]
  0x0000000018c4a000 JavaThread "C2 CompilerThread0" daemon [_thread_in_native, id=3268, stack(0x0000000019530000,0x0000000019630000)]
  0x0000000018c49000 JavaThread "Attach Listener" daemon [_thread_blocked, id=1072, stack(0x0000000019430000,0x0000000019530000)]
  0x0000000018c46000 JavaThread "Signal Dispatcher" daemon [_thread_blocked, id=13308, stack(0x0000000019330000,0x0000000019430000)]
  0x0000000016e22000 JavaThread "Finalizer" daemon [_thread_blocked, id=6484, stack(0x0000000019120000,0x0000000019220000)]
  0x0000000003028800 JavaThread "Reference Handler" daemon [_thread_blocked, id=5860, stack(0x0000000019020000,0x0000000019120000)]
  0x0000000002e2e800 JavaThread "main" [_thread_blocked, id=8604, stack(0x0000000002e30000,0x0000000002f30000)]

Other Threads:
  0x0000000016e16000 VMThread [stack: 0x0000000018b20000,0x0000000018c20000] [id=8744]
  0x0000000018ca0800 WatcherThread [stack: 0x0000000019a30000,0x0000000019b30000] [id=3168]

VM state:not at safepoint (normal execution)

VM Mutex/Monitor currently owned by a thread: None

OutOfMemory and StackOverflow Exception counts:
OutOfMemoryError java_heap_errors=1

heap address: 0x00000000a0000000, size: 1536 MB, Compressed Oops mode: 32-bit
Narrow klass base: 0x0000000000000000, Narrow klass shift: 3
Compressed class space size: 1073741824 Address: 0x0000000100000000

Heap:
 PSYoungGen      total 304128K, used 108263K [0x00000000e0000000, 0x00000000f3f00000, 0x0000000100000000)
  eden space 281600K, 31% used [0x00000000e0000000,0x00000000e5549b38,0x00000000f1300000)
  from space 22528K, 92% used [0x00000000f1300000,0x00000000f27704c0,0x00000000f2900000)
  to   space 15872K, 0% used [0x00000000f2f80000,0x00000000f2f80000,0x00000000f3f00000)
 ParOldGen       total 104448K, used 46196K [0x00000000a0000000, 0x00000000a6600000, 0x00000000e0000000)
  object space 104448K, 44% used [0x00000000a0000000,0x00000000a2d1d378,0x00000000a6600000)
 Metaspace       used 72833K, capacity 75538K, committed 75688K, reserved 1114112K
  class space    used 9536K, capacity 10120K, committed 10152K, reserved 1048576K

Card table byte_map: [0x0000000012400000,0x0000000012710000] byte_map_base: 0x0000000011f00000

Marking Bits: (ParMarkBitMap*) 0x0000000055bc9f30
 Begin Bits: [0x0000000013110000, 0x0000000014910000)
 End Bits:   [0x0000000014910000, 0x0000000016110000)

Polling page: 0x0000000001150000

CodeCache: size=245760Kb used=31277Kb max_used=31289Kb free=214482Kb
 bounds [0x0000000003040000, 0x0000000004f00000, 0x0000000012040000]
 total_blobs=10482 nmethods=9637 adapters=757
 compilation: enabled

Compilation events (10 events):
Event: 38.914 Thread 0x0000000018c65800 nmethod 11471 0x0000000004ecd450 code [0x0000000004ecd640, 0x0000000004ecdf68]
Event: 38.914 Thread 0x0000000018c65800 11481       1       com.google.common.collect.ComparisonChain$InactiveComparisonChain::compare (2 bytes)
Event: 38.914 Thread 0x0000000018c65800 nmethod 11481 0x0000000004ece450 code [0x0000000004ece5a0, 0x0000000004ece6b0]
Event: 38.914 Thread 0x0000000018c65800 11480       3       org.objectweb.asm.ClassReader::readField (667 bytes)
Event: 38.917 Thread 0x0000000018c65800 nmethod 11480 0x0000000004ece710 code [0x0000000004ecec60, 0x0000000004ed23f8]
Event: 38.917 Thread 0x0000000018c65800 11472       2       org.gradle.api.internal.tasks.compile.FieldMember::compareTo (9 bytes)
Event: 38.917 Thread 0x0000000018c65800 nmethod 11472 0x0000000004ed5610 code [0x0000000004ed57a0, 0x0000000004ed59c8]
Event: 38.917 Thread 0x0000000018c65800 11501       3       org.objectweb.asm.ByteVector::putInt (74 bytes)
Event: 38.917 Thread 0x0000000018c65800 nmethod 11501 0x0000000004ed5b10 code [0x0000000004ed5c80, 0x0000000004ed5f08]
Event: 38.917 Thread 0x0000000018c65800 11482       3       org.objectweb.asm.ClassReader::readConst (276 bytes)

GC Heap History (10 events):
Event: 9.775 GC heap before
{Heap before GC invocations=14 (full 2):
 PSYoungGen      total 171008K, used 18064K [0x00000000e0000000, 0x00000000ee700000, 0x0000000100000000)
  eden space 156160K, 2% used [0x00000000e0000000,0x00000000e0328830,0x00000000e9880000)
  from space 14848K, 99% used [0x00000000e9880000,0x00000000ea6fba18,0x00000000ea700000)
  to   space 19968K, 0% used [0x00000000ed380000,0x00000000ed380000,0x00000000ee700000)
 ParOldGen       total 80896K, used 27371K [0x00000000a0000000, 0x00000000a4f00000, 0x00000000e0000000)
  object space 80896K, 33% used [0x00000000a0000000,0x00000000a1abae20,0x00000000a4f00000)
 Metaspace       used 57346K, capacity 59142K, committed 59160K, reserved 1099776K
  class space    used 7917K, capacity 8354K, committed 8360K, reserved 1048576K
Event: 9.783 GC heap after
Heap after GC invocations=14 (full 2):
 PSYoungGen      total 216064K, used 224K [0x00000000e0000000, 0x00000000f1380000, 0x0000000100000000)
  eden space 196096K, 0% used [0x00000000e0000000,0x00000000e0000000,0x00000000ebf80000)
  from space 19968K, 1% used [0x00000000ed380000,0x00000000ed3b8000,0x00000000ee700000)
  to   space 20480K, 0% used [0x00000000ebf80000,0x00000000ebf80000,0x00000000ed380000)
 ParOldGen       total 80896K, used 36342K [0x00000000a0000000, 0x00000000a4f00000, 0x00000000e0000000)
  object space 80896K, 44% used [0x00000000a0000000,0x00000000a237d8d0,0x00000000a4f00000)
 Metaspace       used 57346K, capacity 59142K, committed 59160K, reserved 1099776K
  class space    used 7917K, capacity 8354K, committed 8360K, reserved 1048576K
}
Event: 9.783 GC heap before
{Heap before GC invocations=15 (full 3):
 PSYoungGen      total 216064K, used 224K [0x00000000e0000000, 0x00000000f1380000, 0x0000000100000000)
  eden space 196096K, 0% used [0x00000000e0000000,0x00000000e0000000,0x00000000ebf80000)
  from space 19968K, 1% used [0x00000000ed380000,0x00000000ed3b8000,0x00000000ee700000)
  to   space 20480K, 0% used [0x00000000ebf80000,0x00000000ebf80000,0x00000000ed380000)
 ParOldGen       total 80896K, used 36342K [0x00000000a0000000, 0x00000000a4f00000, 0x00000000e0000000)
  object space 80896K, 44% used [0x00000000a0000000,0x00000000a237d8d0,0x00000000a4f00000)
 Metaspace       used 57346K, capacity 59142K, committed 59160K, reserved 1099776K
  class space    used 7917K, capacity 8354K, committed 8360K, reserved 1048576K
Event: 9.958 GC heap after
Heap after GC invocations=15 (full 3):
 PSYoungGen      total 216064K, used 0K [0x00000000e0000000, 0x00000000f1380000, 0x0000000100000000)
  eden space 196096K, 0% used [0x00000000e0000000,0x00000000e0000000,0x00000000ebf80000)
  from space 19968K, 0% used [0x00000000ed380000,0x00000000ed380000,0x00000000ee700000)
  to   space 20480K, 0% used [0x00000000ebf80000,0x00000000ebf80000,0x00000000ed380000)
 ParOldGen       total 104448K, used 29965K [0x00000000a0000000, 0x00000000a6600000, 0x00000000e0000000)
  object space 104448K, 28% used [0x00000000a0000000,0x00000000a1d434c0,0x00000000a6600000)
 Metaspace       used 57346K, capacity 59142K, committed 59160K, reserved 1099776K
  class space    used 7917K, capacity 8354K, committed 8360K, reserved 1048576K
}
Event: 15.335 GC heap before
{Heap before GC invocations=16 (full 3):
 PSYoungGen      total 216064K, used 196096K [0x00000000e0000000, 0x00000000f1380000, 0x0000000100000000)
  eden space 196096K, 100% used [0x00000000e0000000,0x00000000ebf80000,0x00000000ebf80000)
  from space 19968K, 0% used [0x00000000ed380000,0x00000000ed380000,0x00000000ee700000)
  to   space 20480K, 0% used [0x00000000ebf80000,0x00000000ebf80000,0x00000000ed380000)
 ParOldGen       total 104448K, used 29965K [0x00000000a0000000, 0x00000000a6600000, 0x00000000e0000000)
  object space 104448K, 28% used [0x00000000a0000000,0x00000000a1d434c0,0x00000000a6600000)
 Metaspace       used 63512K, capacity 65864K, committed 66088K, reserved 1105920K
  class space    used 8689K, capacity 9209K, committed 9256K, reserved 1048576K
Event: 15.353 GC heap after
Heap after GC invocations=16 (full 3):
 PSYoungGen      total 216576K, used 18368K [0x00000000e0000000, 0x00000000f4600000, 0x0000000100000000)
  eden space 196096K, 0% used [0x00000000e0000000,0x00000000e0000000,0x00000000ebf80000)
  from space 20480K, 89% used [0x00000000ebf80000,0x00000000ed1703a0,0x00000000ed380000)
  to   space 23040K, 0% used [0x00000000f2f80000,0x00000000f2f80000,0x00000000f4600000)
 ParOldGen       total 104448K, used 29973K [0x00000000a0000000, 0x00000000a6600000, 0x00000000e0000000)
  object space 104448K, 28% used [0x00000000a0000000,0x00000000a1d454c0,0x00000000a6600000)
 Metaspace       used 63512K, capacity 65864K, committed 66088K, reserved 1105920K
  class space    used 8689K, capacity 9209K, committed 9256K, reserved 1048576K
}
Event: 27.464 GC heap before
{Heap before GC invocations=17 (full 3):
 PSYoungGen      total 216576K, used 214464K [0x00000000e0000000, 0x00000000f4600000, 0x0000000100000000)
  eden space 196096K, 100% used [0x00000000e0000000,0x00000000ebf80000,0x00000000ebf80000)
  from space 20480K, 89% used [0x00000000ebf80000,0x00000000ed1703a0,0x00000000ed380000)
  to   space 23040K, 0% used [0x00000000f2f80000,0x00000000f2f80000,0x00000000f4600000)
 ParOldGen       total 104448K, used 29973K [0x00000000a0000000, 0x00000000a6600000, 0x00000000e0000000)
  object space 104448K, 28% used [0x00000000a0000000,0x00000000a1d454c0,0x00000000a6600000)
 Metaspace       used 65093K, capacity 67562K, committed 67752K, reserved 1107968K
  class space    used 8819K, capacity 9372K, committed 9384K, reserved 1048576K
Event: 27.474 GC heap after
Heap after GC invocations=17 (full 3):
 PSYoungGen      total 297472K, used 4048K [0x00000000e0000000, 0x00000000f3f00000, 0x0000000100000000)
  eden space 281600K, 0% used [0x00000000e0000000,0x00000000e0000000,0x00000000f1300000)
  from space 15872K, 25% used [0x00000000f2f80000,0x00000000f33742f8,0x00000000f3f00000)
  to   space 22528K, 0% used [0x00000000f1300000,0x00000000f1300000,0x00000000f2900000)
 ParOldGen       total 104448K, used 44232K [0x00000000a0000000, 0x00000000a6600000, 0x00000000e0000000)
  object space 104448K, 42% used [0x00000000a0000000,0x00000000a2b322e8,0x00000000a6600000)
 Metaspace       used 65093K, capacity 67562K, committed 67752K, reserved 1107968K
  class space    used 8819K, capacity 9372K, committed 9384K, reserved 1048576K
}
Event: 37.640 GC heap before
{Heap before GC invocations=18 (full 3):
 PSYoungGen      total 297472K, used 285648K [0x00000000e0000000, 0x00000000f3f00000, 0x0000000100000000)
  eden space 281600K, 100% used [0x00000000e0000000,0x00000000f1300000,0x00000000f1300000)
  from space 15872K, 25% used [0x00000000f2f80000,0x00000000f33742f8,0x00000000f3f00000)
  to   space 22528K, 0% used [0x00000000f1300000,0x00000000f1300000,0x00000000f2900000)
 ParOldGen       total 104448K, used 44232K [0x00000000a0000000, 0x00000000a6600000, 0x00000000e0000000)
  object space 104448K, 42% used [0x00000000a0000000,0x00000000a2b322e8,0x00000000a6600000)
 Metaspace       used 72538K, capacity 75200K, committed 75432K, reserved 1114112K
  class space    used 9504K, capacity 10053K, committed 10152K, reserved 1048576K
Event: 37.670 GC heap after
Heap after GC invocations=18 (full 3):
 PSYoungGen      total 304128K, used 20929K [0x00000000e0000000, 0x00000000f3f00000, 0x0000000100000000)
  eden space 281600K, 0% used [0x00000000e0000000,0x00000000e0000000,0x00000000f1300000)
  from space 22528K, 92% used [0x00000000f1300000,0x00000000f27704c0,0x00000000f2900000)
  to   space 15872K, 0% used [0x00000000f2f80000,0x00000000f2f80000,0x00000000f3f00000)
 ParOldGen       total 104448K, used 46196K [0x00000000a0000000, 0x00000000a6600000, 0x00000000e0000000)
  object space 104448K, 44% used [0x00000000a0000000,0x00000000a2d1d378,0x00000000a6600000)
 Metaspace       used 72538K, capacity 75200K, committed 75432K, reserved 1114112K
  class space    used 9504K, capacity 10053K, committed 10152K, reserved 1048576K
}

Deoptimization events (10 events):
Event: 38.849 Thread 0x000000001bc2c800 Uncommon trap: reason=unstable_if action=reinterpret pc=0x00000000042e0b54 method=com.google.gson.stream.JsonWriter.string(Ljava/lang/String;)V @ 4
Event: 38.851 Thread 0x000000001bc2c800 Uncommon trap: reason=bimorphic action=maybe_recompile pc=0x0000000004c1235c method=java.io.Writer.append(Ljava/lang/CharSequence;)Ljava/io/Writer; @ 20
Event: 38.893 Thread 0x000000001b7c9000 Uncommon trap: reason=class_check action=maybe_recompile pc=0x0000000004dd1508 method=java.nio.file.Files.walkFileTree(Ljava/nio/file/Path;Ljava/util/Set;ILjava/nio/file/FileVisitor;)Ljava/nio/file/Path; @ 144
Event: 38.902 Thread 0x000000001b7c9000 Uncommon trap: reason=class_check action=maybe_recompile pc=0x000000000356bc78 method=java.util.zip.InflaterInputStream.read([BII)I @ 100
Event: 38.902 Thread 0x000000001b7c9000 Uncommon trap: reason=class_check action=maybe_recompile pc=0x000000000356bc78 method=java.util.zip.InflaterInputStream.read([BII)I @ 100
Event: 38.910 Thread 0x000000001b7c9000 Uncommon trap: reason=unstable_if action=reinterpret pc=0x0000000003e76000 method=org.objectweb.asm.MethodWriter.visitLabel(Lorg/objectweb/asm/Label;)V @ 312
Event: 38.910 Thread 0x000000001b7c9000 Uncommon trap: reason=unstable_if action=reinterpret pc=0x0000000003fcedf8 method=org.objectweb.asm.MethodWriter.visitInsn(I)V @ 32
Event: 38.910 Thread 0x000000001b7c9000 Uncommon trap: reason=unstable_if action=reinterpret pc=0x0000000003d4c84c method=org.objectweb.asm.MethodWriter.visitMethodInsn(ILjava/lang/String;Ljava/lang/String;Ljava/lang/String;Z)V @ 89
Event: 38.910 Thread 0x000000001b7c9000 Uncommon trap: reason=class_check action=maybe_recompile pc=0x000000000356bc78 method=java.util.zip.InflaterInputStream.read([BII)I @ 100
Event: 38.916 Thread 0x000000001b7c9000 Uncommon trap: reason=unstable_if action=reinterpret pc=0x0000000003d38fac method=org.objectweb.asm.ByteVector.putInt(I)Lorg/objectweb/asm/ByteVector; @ 13

Classes redefined (0 events):
No events

Internal exceptions (10 events):
Event: 30.804 Thread 0x000000001b7c1800 Exception <a 'java/lang/NoSuchMethodError': <clinit>> (0x00000000e83890c0) thrown at [D:\src\AOSP-openjdk-cygwin\jdk8u\hotspot\src\share\vm\prims\jni.cpp, line 1614]
Event: 35.957 Thread 0x000000001b7c9000 Implicit null exception at 0x00000000041a1734 to 0x00000000041a19c1
Event: 35.957 Thread 0x000000001b7c9000 Implicit null exception at 0x000000000419ceb5 to 0x000000000419d441
Event: 35.957 Thread 0x000000001b7c9000 Implicit null exception at 0x00000000038e7b54 to 0x00000000038e7d49
Event: 35.958 Thread 0x000000001b7c9000 Implicit null exception at 0x000000000422bcef to 0x000000000422bd76
Event: 37.439 Thread 0x000000001b7c9000 Implicit null exception at 0x000000000362e11e to 0x000000000362e2a1
Event: 37.440 Thread 0x000000001b7c9000 Implicit null exception at 0x00000000048107f8 to 0x0000000004810a3d
Event: 37.779 Thread 0x000000001b7c9000 Implicit null exception at 0x0000000004ab51ca to 0x0000000004ab729d
Event: 38.708 Thread 0x000000001bc2c800 Exception <a 'sun/nio/fs/WindowsException'> (0x00000000e3223530) thrown at [D:\src\AOSP-openjdk-cygwin\jdk8u\hotspot\src\share\vm\prims\jni.cpp, line 710]
Event: 38.708 Thread 0x000000001bc2c800 Exception <a 'sun/nio/fs/WindowsException'> (0x00000000e32239d8) thrown at [D:\src\AOSP-openjdk-cygwin\jdk8u\hotspot\src\share\vm\prims\jni.cpp, line 710]

Events (10 events):
Event: 38.910 Thread 0x000000001b7c9000 DEOPT UNPACKING pc=0x000000000308557b sp=0x000000001d24a168 mode 2
Event: 38.910 Thread 0x000000001b7c9000 Uncommon trap: trap_request=0xffffff65 fr.pc=0x0000000003d4c84c
Event: 38.910 Thread 0x000000001b7c9000 DEOPT PACKING pc=0x0000000003d4c84c sp=0x000000001d24a180
Event: 38.910 Thread 0x000000001b7c9000 DEOPT UNPACKING pc=0x000000000308557b sp=0x000000001d24a130 mode 2
Event: 38.910 Thread 0x000000001b7c9000 Uncommon trap: trap_request=0xffffffde fr.pc=0x000000000356bc78
Event: 38.910 Thread 0x000000001b7c9000 DEOPT PACKING pc=0x000000000356bc78 sp=0x000000001d24a360
Event: 38.910 Thread 0x000000001b7c9000 DEOPT UNPACKING pc=0x000000000308557b sp=0x000000001d24a378 mode 2
Event: 38.916 Thread 0x000000001b7c9000 Uncommon trap: trap_request=0xffffff65 fr.pc=0x0000000003d38fac
Event: 38.916 Thread 0x000000001b7c9000 DEOPT PACKING pc=0x0000000003d38fac sp=0x000000001d249f50
Event: 38.917 Thread 0x000000001b7c9000 DEOPT UNPACKING pc=0x000000000308557b sp=0x000000001d249ee0 mode 2


Dynamic libraries:
0x00007ff6fa660000 - 0x00007ff6fa691000 	C:\Program Files\Android\Android Studio1\jre\bin\java.exe
0x00007fff33dc0000 - 0x00007fff33fb0000 	C:\WINDOWS\SYSTEM32\ntdll.dll
0x00007fff327e0000 - 0x00007fff32892000 	C:\WINDOWS\System32\KERNEL32.DLL
0x00007fff318e0000 - 0x00007fff31b84000 	C:\WINDOWS\System32\KERNELBASE.dll
0x00007fff338b0000 - 0x00007fff33953000 	C:\WINDOWS\System32\ADVAPI32.dll
0x00007fff332d0000 - 0x00007fff3336e000 	C:\WINDOWS\System32\msvcrt.dll
0x00007fff32dd0000 - 0x00007fff32e67000 	C:\WINDOWS\System32\sechost.dll
0x00007fff32cb0000 - 0x00007fff32dd0000 	C:\WINDOWS\System32\RPCRT4.dll
0x00007fff33bd0000 - 0x00007fff33d64000 	C:\WINDOWS\System32\USER32.dll
0x00007fff31de0000 - 0x00007fff31e01000 	C:\WINDOWS\System32\win32u.dll
0x00007fff32650000 - 0x00007fff32676000 	C:\WINDOWS\System32\GDI32.dll
0x00007fff30df0000 - 0x00007fff30f85000 	C:\WINDOWS\System32\gdi32full.dll
0x00007fff30d50000 - 0x00007fff30dee000 	C:\WINDOWS\System32\msvcp_win.dll
0x00007fff31060000 - 0x00007fff3115a000 	C:\WINDOWS\System32\ucrtbase.dll
0x00007fff12fe0000 - 0x00007fff13264000 	C:\WINDOWS\WinSxS\amd64_microsoft.windows.common-controls_6595b64144ccf1df_6.0.18362.900_none_e6beb9d913147d17\COMCTL32.dll
0x00007fff32e70000 - 0x00007fff331a5000 	C:\WINDOWS\System32\combase.dll
0x00007fff30f90000 - 0x00007fff31010000 	C:\WINDOWS\System32\bcryptPrimitives.dll
0x00007fff33a50000 - 0x00007fff33a7e000 	C:\WINDOWS\System32\IMM32.DLL
0x0000000057990000 - 0x0000000057a62000 	C:\Program Files\Android\Android Studio1\jre\jre\bin\msvcr100.dll
0x0000000055400000 - 0x0000000055c46000 	C:\Program Files\Android\Android Studio1\jre\jre\bin\server\jvm.dll
0x00007fff32640000 - 0x00007fff32648000 	C:\WINDOWS\System32\PSAPI.DLL
0x00007fff2c360000 - 0x00007fff2c36a000 	C:\WINDOWS\SYSTEM32\VERSION.dll
0x00007fff24230000 - 0x00007fff24254000 	C:\WINDOWS\SYSTEM32\WINMM.dll
0x00007fff240a0000 - 0x00007fff240a9000 	C:\WINDOWS\SYSTEM32\WSOCK32.dll
0x00007fff32b00000 - 0x00007fff32b6f000 	C:\WINDOWS\System32\WS2_32.dll
0x00007fff26590000 - 0x00007fff265bd000 	C:\WINDOWS\SYSTEM32\winmmbase.dll
0x00007fff31010000 - 0x00007fff3105a000 	C:\WINDOWS\System32\cfgmgr32.dll
0x00007fff2cf50000 - 0x00007fff2cf5f000 	C:\Program Files\Android\Android Studio1\jre\jre\bin\verify.dll
0x00007fff28b60000 - 0x00007fff28b89000 	C:\Program Files\Android\Android Studio1\jre\jre\bin\java.dll
0x00007fff28ab0000 - 0x00007fff28ac6000 	C:\Program Files\Android\Android Studio1\jre\jre\bin\zip.dll
0x00007fff31ed0000 - 0x00007fff325b6000 	C:\WINDOWS\System32\SHELL32.dll
0x00007fff331b0000 - 0x00007fff33259000 	C:\WINDOWS\System32\shcore.dll
0x00007fff31160000 - 0x00007fff318e0000 	C:\WINDOWS\System32\windows.storage.dll
0x00007fff30d20000 - 0x00007fff30d43000 	C:\WINDOWS\System32\profapi.dll
0x00007fff30c90000 - 0x00007fff30cda000 	C:\WINDOWS\System32\powrprof.dll
0x00007fff30c80000 - 0x00007fff30c90000 	C:\WINDOWS\System32\UMPDC.dll
0x00007fff31e70000 - 0x00007fff31ec2000 	C:\WINDOWS\System32\shlwapi.dll
0x00007fff30d00000 - 0x00007fff30d11000 	C:\WINDOWS\System32\kernel.appcore.dll
0x00007fff31b90000 - 0x00007fff31ba7000 	C:\WINDOWS\System32\cryptsp.dll
0x00007fff289f0000 - 0x00007fff28a0a000 	C:\Program Files\Android\Android Studio1\jre\jre\bin\net.dll
0x00007fff29220000 - 0x00007fff293f6000 	C:\WINDOWS\SYSTEM32\urlmon.dll
0x00007fff25690000 - 0x00007fff25936000 	C:\WINDOWS\SYSTEM32\iertutil.dll
0x00007fff306c0000 - 0x00007fff306cc000 	C:\WINDOWS\SYSTEM32\CRYPTBASE.DLL
0x00007fff30490000 - 0x00007fff304f7000 	C:\WINDOWS\system32\mswsock.dll
0x00007fff289b0000 - 0x00007fff289c3000 	C:\Program Files\Android\Android Studio1\jre\jre\bin\nio.dll
0x00007ffeff040000 - 0x00007ffeff066000 	C:\Users\LAPTOP-MSI\.gradle\native\30\windows-amd64\native-platform.dll
0x00007fff2cf40000 - 0x00007fff2cf4d000 	C:\Program Files\Android\Android Studio1\jre\jre\bin\management.dll
0x00007fff30000000 - 0x00007fff30033000 	C:\WINDOWS\system32\rsaenh.dll
0x00007fff31d00000 - 0x00007fff31d26000 	C:\WINDOWS\System32\bcrypt.dll
0x00007fff30ba0000 - 0x00007fff30bc5000 	C:\WINDOWS\SYSTEM32\USERENV.dll
0x00007fff301a0000 - 0x00007fff301da000 	C:\WINDOWS\SYSTEM32\IPHLPAPI.DLL
0x00007fff33d70000 - 0x00007fff33d78000 	C:\WINDOWS\System32\NSI.dll
0x00007fff2b3c0000 - 0x00007fff2b3d6000 	C:\WINDOWS\SYSTEM32\dhcpcsvc6.DLL
0x00007fff2b3a0000 - 0x00007fff2b3bc000 	C:\WINDOWS\SYSTEM32\dhcpcsvc.DLL
0x00007fff301e0000 - 0x00007fff302ab000 	C:\WINDOWS\SYSTEM32\DNSAPI.dll
0x00007fff0fbe0000 - 0x00007fff0fc04000 	C:\Program Files\Android\Android Studio1\jre\jre\bin\sunec.dll
0x00007fff29a70000 - 0x00007fff29a7a000 	C:\Windows\System32\rasadhlp.dll
0x00007fff2d100000 - 0x00007fff2d177000 	C:\WINDOWS\System32\fwpuclnt.dll
0x00007fff28fe0000 - 0x00007fff28feb000 	C:\Program Files\Android\Android Studio1\jre\jre\bin\sunmscapi.dll
0x00007fff31bb0000 - 0x00007fff31cf9000 	C:\WINDOWS\System32\CRYPT32.dll
0x00007fff30ce0000 - 0x00007fff30cf2000 	C:\WINDOWS\System32\MSASN1.dll

VM Arguments:
jvm_args: -Xmx1536m -Dfile.encoding=windows-1252 -Duser.country=US -Duser.language=en -Duser.variant 
java_command: org.gradle.launcher.daemon.bootstrap.GradleDaemon 5.6.4
java_class_path (initial): C:\Users\LAPTOP-MSI\.gradle\wrapper\dists\gradle-5.6.4-all\ankdp27end7byghfw1q2sw75f\gradle-5.6.4\lib\gradle-launcher-5.6.4.jar
Launcher Type: SUN_STANDARD

Environment Variables:
JAVA_HOME=C:\java\bin
PATH=C:\Program Files (x86)\Common Files\Oracle\Java\javapath;C:\Program Files (x86)\Intel\Intel(R) Management Engine Components\iCLS\;C:\Program Files\Intel\Intel(R) Management Engine Components\iCLS\;C:\Windows\system32;C:\Windows;C:\Windows\System32\Wbem;C:\Windows\System32\WindowsPowerShell\v1.0\;C:\Windows\System32\OpenSSH\;C:\Program Files (x86)\NVIDIA Corporation\PhysX\Common;C:\Program Files\Intel\WiFi\bin\;C:\Program Files\Common Files\Intel\WirelessCommon\;C:\Program Files (x86)\Intel\Intel(R) Management Engine Components\DAL;C:\Program Files\Intel\Intel(R) Management Engine Components\DAL;C:\Program Files (x86)\Intel\Intel(R) Management Engine Components\IPT;C:\Program Files\Intel\Intel(R) Management Engine Components\IPT;c:\Program Files (x86)\Microsoft SQL Server\110\Tools\Binn\;c:\Program Files\Microsoft SQL Server\110\Tools\Binn\;c:\Program Files\Microsoft SQL Server\110\DTS\Binn\;c:\Program Files (x86)\Microsoft SQL Server\110\Tools\Binn\ManagementStudio\;c:\Program Files (x86)\Microsoft Visual Studio 10.0\Common7\IDE\PrivateAssemblies\;c:\Program Files (x86)\Microsoft SQL Server\110\DTS\Binn\;C:\Program Files\Microsoft\Web Platform Installer\;C:\Program Files (x86)\Microsoft ASP.NET\ASP.NET Web Pages\v1.0\;C:\WINDOWS\system32;C:\WINDOWS;C:\WINDOWS\System32\Wbem;C:\WINDOWS\System32\WindowsPowerShell\v1.0\;C:\WINDOWS\System32\OpenSSH\;C:\Program Files (x86)\Windows Kits\8.1\Windows Performance Toolkit\;C:\hadoop-2.7.3\bin;C:\java\bin;C:\Program Files\nodejs\;D:\Git\cmd;C:\Program Files (x86)\Rational\common;C:\Ruby26-x64\bin;C:\Users\LAPTOP-MSI\AppData\Local\Microsoft\WindowsApps;C:\Users\LAPTOP-MSI\AppData\Roaming\npm
USERNAME=LAPTOP-MSI
OS=Windows_NT
PROCESSOR_IDENTIFIER=Intel64 Family 6 Model 158 Stepping 10, GenuineIntel



---------------  S Y S T E M  ---------------

OS: Windows 10.0 , 64 bit Build 18362 (10.0.18362.900)

CPU:total 8 (initial active 8) (4 cores per cpu, 2 threads per core) family 6 model 158 stepping 10, cmov, cx8, fxsr, mmx, sse, sse2, sse3, ssse3, sse4.1, sse4.2, popcnt, avx, avx2, aes, clmul, erms, 3dnowpref, lzcnt, ht, tsc, tscinvbit, bmi1, bmi2, adx

Memory: 4k page, physical 8232368k(1714308k free), swap 10181040k(5640k free)

vm_info: OpenJDK 64-Bit Server VM (25.212-b04) for windows-amd64 JRE (1.8.0_212-release-1586-b04), built by "builder" with MS VC++ 10.0 (VS2010)

time: Sat Jun 20 16:40:22 2020
timezone: SE Asia Standard Time
elapsed time: 38 seconds (0d 0h 0m 38s)

