#
# There is insufficient memory for the Java Runtime Environment to continue.
# Native memory allocation (malloc) failed to allocate 1108496 bytes for Chunk::new
# Possible reasons:
#   The system is out of physical RAM or swap space
#   The process is running with CompressedOops enabled, and the Java Heap may be blocking the growth of the native heap
# Possible solutions:
#   Reduce memory load on the system
#   Increase physical memory or swap space
#   Check if swap backing store is full
#   Decrease Java heap size (-Xmx/-Xms)
#   Decrease number of Java threads
#   Decrease Java thread stack sizes (-Xss)
#   Set larger code cache with -XX:ReservedCodeCacheSize=
#   JVM is running with Unscaled Compressed Oops mode in which the Java heap is
#     placed in the first 4GB address space. The Java Heap base address is the
#     maximum limit for the native heap growth. Please use -XX:HeapBaseMinAddress
#     to set the Java Heap base and to place the Java Heap above 4GB virtual address.
# This output file may be truncated or incomplete.
#
#  Out of Memory Error (allocation.cpp:389), pid=2056, tid=0x0000000000003b70
#
# JRE version: OpenJDK Runtime Environment (8.0_212-b04) (build 1.8.0_212-release-1586-b04)
# Java VM: OpenJDK 64-Bit Server VM (25.212-b04 mixed mode windows-amd64 compressed oops)
# Failed to write core dump. Minidumps are not enabled by default on client versions of Windows
#

---------------  T H R E A D  ---------------

Current thread (0x0000000018bfe000):  JavaThread "C2 CompilerThread0" daemon [_thread_in_native, id=15216, stack(0x00000000194e0000,0x00000000195e0000)]

Stack: [0x00000000194e0000,0x00000000195e0000]
[error occurred during error reporting (printing stack bounds), id 0xc0000005]

Native frames: (J=compiled Java code, j=interpreted, Vv=VM code, C=native code)


Current CompileTask:
C2:6335278 23603  s    4       java.lang.reflect.Field::declaredAnnotations (59 bytes)


---------------  P R O C E S S  ---------------

Java Threads: ( => current thread )
  0x000000001bdac000 JavaThread "ForkJoinPool.commonPool-worker-2" daemon [_thread_blocked, id=3552, stack(0x0000000024ad0000,0x0000000024bd0000)]
  0x000000001bda4800 JavaThread "Cache worker for Java compile cache (D:\Do An Androi\LuxuryShop_Android\DoAnAndroid\.gradle\5.6.4\javaCompile)" [_thread_blocked, id=11040, stack(0x00000000282a0000,0x00000000283a0000)]
  0x000000001bdaa800 JavaThread "WorkerExecutor Queue Thread 3" [_thread_blocked, id=13036, stack(0x00000000281a0000,0x00000000282a0000)]
  0x000000001bda5000 JavaThread "WorkerExecutor Queue Thread 2" [_thread_blocked, id=1964, stack(0x00000000280a0000,0x00000000281a0000)]
  0x000000002bb67800 JavaThread "WorkerExecutor Queue" [_thread_blocked, id=13432, stack(0x0000000026ca0000,0x0000000026da0000)]
  0x000000002bb5d800 JavaThread "Cache worker for execution history cache (D:\Do An Androi\LuxuryShop_Android\DoAnAndroid\.gradle\5.6.4\executionHistory)" [_thread_in_native, id=11796, stack(0x0000000026ba0000,0x0000000026ca0000)]
  0x000000002bb63000 JavaThread "Build operations Thread 8" [_thread_blocked, id=15336, stack(0x00000000235a0000,0x00000000236a0000)]
  0x000000002bb58800 JavaThread "Build operations Thread 7" [_thread_blocked, id=720, stack(0x00000000234a0000,0x00000000235a0000)]
  0x000000002bb5c000 JavaThread "Build operations Thread 6" [_thread_blocked, id=9064, stack(0x00000000233a0000,0x00000000234a0000)]
  0x000000002bb5b800 JavaThread "Build operations Thread 5" [_thread_blocked, id=6288, stack(0x0000000023030000,0x0000000023130000)]
  0x000000002bb59000 JavaThread "Build operations Thread 4" [_thread_blocked, id=11324, stack(0x0000000022f30000,0x0000000023030000)]
  0x000000001de81800 JavaThread "Build operations Thread 3" [_thread_blocked, id=13976, stack(0x0000000022e30000,0x0000000022f30000)]
  0x000000001de88800 JavaThread "Build operations Thread 2" [_thread_blocked, id=1624, stack(0x0000000022d30000,0x0000000022e30000)]
  0x000000001de87000 JavaThread "Build operations" [_thread_blocked, id=13000, stack(0x0000000022c30000,0x0000000022d30000)]
  0x000000001de84000 JavaThread "Cache worker for cache directory md-rule (C:\Users\LAPTOP-MSI\.gradle\caches\5.6.4\md-rule)" [_thread_blocked, id=1132, stack(0x0000000022a30000,0x0000000022b30000)]
  0x000000001de87800 JavaThread "Cache worker for cache directory md-supplier (C:\Users\LAPTOP-MSI\.gradle\caches\5.6.4\md-supplier)" [_thread_blocked, id=12552, stack(0x000000001db00000,0x000000001dc00000)]
  0x000000001de86000 JavaThread "Cache worker for file hash cache (D:\Do An Androi\LuxuryShop_Android\DoAnAndroid\.gradle\5.6.4\fileHashes)" [_thread_blocked, id=14896, stack(0x000000001d200000,0x000000001d300000)]
  0x000000001de83000 JavaThread "Thread-345" [_thread_blocked, id=4740, stack(0x000000001d100000,0x000000001d200000)]
  0x000000001de84800 JavaThread "Stdin handler" [_thread_blocked, id=13020, stack(0x000000001d000000,0x000000001d100000)]
  0x000000001de7a000 JavaThread "Asynchronous log dispatcher for DefaultDaemonConnection: socket connection from /127.0.0.1:51563 to /127.0.0.1:53224" [_thread_blocked, id=5272, stack(0x000000001cd00000,0x000000001ce00000)]
  0x000000001de7f800 JavaThread "Daemon worker Thread 8" [_thread_blocked, id=6524, stack(0x000000001cc00000,0x000000001cd00000)]
  0x000000001de79800 JavaThread "Cancel handler" [_thread_blocked, id=10492, stack(0x00000000013f0000,0x00000000014f0000)]
  0x000000001de80000 JavaThread "Handler for socket connection from /127.0.0.1:51563 to /127.0.0.1:53224" [_thread_in_native, id=12644, stack(0x00000000012f0000,0x00000000013f0000)]
  0x000000001de7e800 JavaThread "Daemon Thread 8" [_thread_blocked, id=13876, stack(0x00000000011f0000,0x00000000012f0000)]
  0x0000000020b24800 JavaThread "Cache worker for Java compile cache (C:\Users\LAPTOP-MSI\.gradle\caches\5.6.4\javaCompile)" [_thread_blocked, id=10992, stack(0x000000002c610000,0x000000002c710000)]
  0x000000001de7b800 JavaThread "Cache worker for file content cache (C:\Users\LAPTOP-MSI\.gradle\caches\5.6.4\fileContent)" [_thread_blocked, id=4072, stack(0x00000000249d0000,0x0000000024ad0000)]
  0x000000001de82800 JavaThread "Memory manager" [_thread_blocked, id=11768, stack(0x00000000246a0000,0x00000000247a0000)]
  0x000000001a6b8800 JavaThread "Cache worker for execution history cache (C:\Users\LAPTOP-MSI\.gradle\caches\5.6.4\executionHistory)" [_thread_blocked, id=7576, stack(0x0000000022b30000,0x0000000022c30000)]
  0x000000001a6b6800 JavaThread "Cache worker for journal cache (C:\Users\LAPTOP-MSI\.gradle\caches\journal-1)" [_thread_blocked, id=13480, stack(0x000000001d800000,0x000000001d900000)]
  0x000000001a6b5800 JavaThread "File lock request listener" [_thread_in_native, id=7856, stack(0x000000001d700000,0x000000001d800000)]
  0x0000000019dea800 JavaThread "Cache worker for file hash cache (C:\Users\LAPTOP-MSI\.gradle\caches\5.6.4\fileHashes)" [_thread_blocked, id=3620, stack(0x000000001d600000,0x000000001d700000)]
  0x000000001b598800 JavaThread "Daemon periodic checks" [_thread_blocked, id=12948, stack(0x000000001cb00000,0x000000001cc00000)]
  0x000000001b561000 JavaThread "Incoming local TCP Connector on port 51563" [_thread_in_native, id=11368, stack(0x000000001c8c0000,0x000000001c9c0000)]
  0x0000000018d01000 JavaThread "Daemon health stats" [_thread_blocked, id=6520, stack(0x000000001c280000,0x000000001c380000)]
  0x0000000018c88800 JavaThread "Service Thread" daemon [_thread_blocked, id=1844, stack(0x00000000198e0000,0x00000000199e0000)]
  0x0000000018c09000 JavaThread "C1 CompilerThread3" daemon [_thread_blocked, id=13624, stack(0x00000000197e0000,0x00000000198e0000)]
  0x0000000018c04800 JavaThread "C2 CompilerThread2" daemon [_thread_blocked, id=11568, stack(0x00000000196e0000,0x00000000197e0000)]
  0x0000000018c01800 JavaThread "C2 CompilerThread1" daemon [_thread_blocked, id=14656, stack(0x00000000195e0000,0x00000000196e0000)]
=>0x0000000018bfe000 JavaThread "C2 CompilerThread0" daemon [_thread_in_native, id=15216, stack(0x00000000194e0000,0x00000000195e0000)]
  0x0000000018bfd000 JavaThread "Attach Listener" daemon [_thread_blocked, id=10284, stack(0x00000000193e0000,0x00000000194e0000)]
  0x0000000018bf9800 JavaThread "Signal Dispatcher" daemon [_thread_blocked, id=13788, stack(0x00000000192e0000,0x00000000193e0000)]
  0x0000000018bf1000 JavaThread "Finalizer" daemon [_thread_blocked, id=11720, stack(0x00000000190d0000,0x00000000191d0000)]
  0x0000000018bf0800 JavaThread "Reference Handler" daemon [_thread_blocked, id=11864, stack(0x0000000018fd0000,0x00000000190d0000)]
  0x000000000171e800 JavaThread "main" [_thread_blocked, id=15340, stack(0x0000000002dc0000,0x0000000002ec0000)]

Other Threads:
  0x0000000016dc6000 VMThread [stack: 0x0000000018ad0000,0x0000000018bd0000] [id=2972]
  0x0000000018c89800 WatcherThread [stack: 0x00000000199e0000,0x0000000019ae0000] [id=6648]

VM state:not at safepoint (normal execution)

VM Mutex/Monitor currently owned by a thread: None

OutOfMemory and StackOverflow Exception counts:
OutOfMemoryError java_heap_errors=1

heap address: 0x00000000a0000000, size: 1536 MB, Compressed Oops mode: 32-bit
Narrow klass base: 0x0000000000000000, Narrow klass shift: 3
Compressed class space size: 1073741824 Address: 0x0000000100000000

Heap:
 PSYoungGen      total 384000K, used 25850K [0x00000000e0000000, 0x00000000fca80000, 0x0000000100000000)
  eden space 330240K, 0% used [0x00000000e0000000,0x00000000e01d1fb0,0x00000000f4280000)
  from space 53760K, 44% used [0x00000000f9600000,0x00000000fad6cb70,0x00000000fca80000)
  to   space 69632K, 0% used [0x00000000f4280000,0x00000000f4280000,0x00000000f8680000)
 ParOldGen       total 268288K, used 130084K [0x00000000a0000000, 0x00000000b0600000, 0x00000000e0000000)
  object space 268288K, 48% used [0x00000000a0000000,0x00000000a7f09270,0x00000000b0600000)
 Metaspace       used 91769K, capacity 96686K, committed 96856K, reserved 1134592K
  class space    used 11747K, capacity 12628K, committed 12632K, reserved 1048576K

Card table byte_map: [0x00000000123b0000,0x00000000126c0000] byte_map_base: 0x0000000011eb0000

Marking Bits: (ParMarkBitMap*) 0x0000000055bc9f30
 Begin Bits: [0x00000000130c0000, 0x00000000148c0000)
 End Bits:   [0x00000000148c0000, 0x00000000160c0000)

Polling page: 0x0000000001700000

CodeCache: size=245760Kb used=62921Kb max_used=62962Kb free=182838Kb
 bounds [0x0000000002ff0000, 0x0000000006df0000, 0x0000000011ff0000]
 total_blobs=18700 nmethods=17827 adapters=784
 compilation: enabled

Compilation events (10 events):
Event: 6335.026 Thread 0x0000000018c01800 nmethod 23640 0x0000000003dfd950 code [0x0000000003dfdac0, 0x0000000003dfe198]
Event: 6335.026 Thread 0x0000000018c01800 23642       4       com.sun.tools.javac.parser.JavacParser::typeArgumentsOpt (53 bytes)
Event: 6335.026 Thread 0x0000000018c01800 nmethod 23642 0x0000000003994ad0 code [0x0000000003994c20, 0x0000000003994cb8]
Event: 6335.038 Thread 0x0000000018c09000 23653   !   3       com.sun.tools.javac.file.FSInfo::getCanonicalFile (11 bytes)
Event: 6335.038 Thread 0x0000000018c09000 nmethod 23653 0x00000000046a0850 code [0x00000000046a0a80, 0x00000000046a13a8]
Event: 6335.040 Thread 0x0000000018c09000 23654   !   3       com.sun.tools.javac.file.Locations$Path::addJarClassPath (79 bytes)
Event: 6335.041 Thread 0x0000000018c09000 nmethod 23654 0x0000000005a2a2d0 code [0x0000000005a2a540, 0x0000000005a2b698]
Event: 6335.042 Thread 0x0000000018c04800 nmethod 23624% 0x0000000006302350 code [0x0000000006302680, 0x00000000063049d0]
Event: 6335.079 Thread 0x0000000018c01800 23655       4       org.gradle.internal.operations.CurrentBuildOperationRef::getId (20 bytes)
Event: 6335.080 Thread 0x0000000018c09000 23656       3       org.gradle.internal.logging.services.TextStreamOutputEventListener::onOutput (45 bytes)

GC Heap History (10 events):
Event: 853.818 GC heap before
{Heap before GC invocations=25 (full 4):
 PSYoungGen      total 420352K, used 397079K [0x00000000e0000000, 0x00000000fe280000, 0x0000000100000000)
  eden space 371200K, 100% used [0x00000000e0000000,0x00000000f6a80000,0x00000000f6a80000)
  from space 49152K, 52% used [0x00000000fb280000,0x00000000fcbc5cc8,0x00000000fe280000)
  to   space 61440K, 0% used [0x00000000f6a80000,0x00000000f6a80000,0x00000000fa680000)
 ParOldGen       total 268288K, used 122182K [0x00000000a0000000, 0x00000000b0600000, 0x00000000e0000000)
  object space 268288K, 45% used [0x00000000a0000000,0x00000000a7751bd8,0x00000000b0600000)
 Metaspace       used 89501K, capacity 93240K, committed 94808K, reserved 1132544K
  class space    used 11516K, capacity 12235K, committed 12632K, reserved 1048576K
Event: 853.856 GC heap after
Heap after GC invocations=25 (full 4):
 PSYoungGen      total 432640K, used 61421K [0x00000000e0000000, 0x0000000100000000, 0x0000000100000000)
  eden space 371200K, 0% used [0x00000000e0000000,0x00000000e0000000,0x00000000f6a80000)
  from space 61440K, 99% used [0x00000000f6a80000,0x00000000fa67b458,0x00000000fa680000)
  to   space 71168K, 0% used [0x00000000fba80000,0x00000000fba80000,0x0000000100000000)
 ParOldGen       total 268288K, used 123036K [0x00000000a0000000, 0x00000000b0600000, 0x00000000e0000000)
  object space 268288K, 45% used [0x00000000a0000000,0x00000000a78273d8,0x00000000b0600000)
 Metaspace       used 89501K, capacity 93240K, committed 94808K, reserved 1132544K
  class space    used 11516K, capacity 12235K, committed 12632K, reserved 1048576K
}
Event: 979.730 GC heap before
{Heap before GC invocations=26 (full 4):
 PSYoungGen      total 432640K, used 432621K [0x00000000e0000000, 0x0000000100000000, 0x0000000100000000)
  eden space 371200K, 100% used [0x00000000e0000000,0x00000000f6a80000,0x00000000f6a80000)
  from space 61440K, 99% used [0x00000000f6a80000,0x00000000fa67b458,0x00000000fa680000)
  to   space 71168K, 0% used [0x00000000fba80000,0x00000000fba80000,0x0000000100000000)
 ParOldGen       total 268288K, used 123036K [0x00000000a0000000, 0x00000000b0600000, 0x00000000e0000000)
  object space 268288K, 45% used [0x00000000a0000000,0x00000000a78273d8,0x00000000b0600000)
 Metaspace       used 89832K, capacity 93786K, committed 94808K, reserved 1132544K
  class space    used 11548K, capacity 12294K, committed 12632K, reserved 1048576K
Event: 979.742 GC heap after
Heap after GC invocations=26 (full 4):
 PSYoungGen      total 454656K, used 15233K [0x00000000e0000000, 0x0000000100000000, 0x0000000100000000)
  eden space 383488K, 0% used [0x00000000e0000000,0x00000000e0000000,0x00000000f7680000)
  from space 71168K, 21% used [0x00000000fba80000,0x00000000fc960500,0x0000000100000000)
  to   space 69632K, 0% used [0x00000000f7680000,0x00000000f7680000,0x00000000fba80000)
 ParOldGen       total 268288K, used 130052K [0x00000000a0000000, 0x00000000b0600000, 0x00000000e0000000)
  object space 268288K, 48% used [0x00000000a0000000,0x00000000a7f01270,0x00000000b0600000)
 Metaspace       used 89832K, capacity 93786K, committed 94808K, reserved 1132544K
  class space    used 11548K, capacity 12294K, committed 12632K, reserved 1048576K
}
Event: 5802.507 GC heap before
{Heap before GC invocations=27 (full 4):
 PSYoungGen      total 454656K, used 398721K [0x00000000e0000000, 0x0000000100000000, 0x0000000100000000)
  eden space 383488K, 100% used [0x00000000e0000000,0x00000000f7680000,0x00000000f7680000)
  from space 71168K, 21% used [0x00000000fba80000,0x00000000fc960500,0x0000000100000000)
  to   space 69632K, 0% used [0x00000000f7680000,0x00000000f7680000,0x00000000fba80000)
 ParOldGen       total 268288K, used 130052K [0x00000000a0000000, 0x00000000b0600000, 0x00000000e0000000)
  object space 268288K, 48% used [0x00000000a0000000,0x00000000a7f01270,0x00000000b0600000)
 Metaspace       used 90610K, capacity 94798K, committed 95320K, reserved 1132544K
  class space    used 11621K, capacity 12398K, committed 12632K, reserved 1048576K
Event: 5803.641 GC heap after
Heap after GC invocations=27 (full 4):
 PSYoungGen      total 385024K, used 15758K [0x00000000e0000000, 0x00000000fec80000, 0x0000000100000000)
  eden space 369152K, 0% used [0x00000000e0000000,0x00000000e0000000,0x00000000f6880000)
  from space 15872K, 99% used [0x00000000f7680000,0x00000000f85e3ac8,0x00000000f8600000)
  to   space 67584K, 0% used [0x00000000faa80000,0x00000000faa80000,0x00000000fec80000)
 ParOldGen       total 268288K, used 130060K [0x00000000a0000000, 0x00000000b0600000, 0x00000000e0000000)
  object space 268288K, 48% used [0x00000000a0000000,0x00000000a7f03270,0x00000000b0600000)
 Metaspace       used 90610K, capacity 94798K, committed 95320K, reserved 1132544K
  class space    used 11621K, capacity 12398K, committed 12632K, reserved 1048576K
}
Event: 5815.241 GC heap before
{Heap before GC invocations=28 (full 4):
 PSYoungGen      total 385024K, used 384910K [0x00000000e0000000, 0x00000000fec80000, 0x0000000100000000)
  eden space 369152K, 100% used [0x00000000e0000000,0x00000000f6880000,0x00000000f6880000)
  from space 15872K, 99% used [0x00000000f7680000,0x00000000f85e3ac8,0x00000000f8600000)
  to   space 67584K, 0% used [0x00000000faa80000,0x00000000faa80000,0x00000000fec80000)
 ParOldGen       total 268288K, used 130060K [0x00000000a0000000, 0x00000000b0600000, 0x00000000e0000000)
  object space 268288K, 48% used [0x00000000a0000000,0x00000000a7f03270,0x00000000b0600000)
 Metaspace       used 91103K, capacity 95504K, committed 95832K, reserved 1132544K
  class space    used 11673K, capacity 12495K, committed 12632K, reserved 1048576K
Event: 5815.291 GC heap after
Heap after GC invocations=28 (full 4):
 PSYoungGen      total 422912K, used 60855K [0x00000000e0000000, 0x00000000fef00000, 0x0000000100000000)
  eden space 355328K, 0% used [0x00000000e0000000,0x00000000e0000000,0x00000000f5b00000)
  from space 67584K, 90% used [0x00000000faa80000,0x00000000fe5edd78,0x00000000fec80000)
  to   space 75776K, 0% used [0x00000000f5b00000,0x00000000f5b00000,0x00000000fa500000)
 ParOldGen       total 268288K, used 130068K [0x00000000a0000000, 0x00000000b0600000, 0x00000000e0000000)
  object space 268288K, 48% used [0x00000000a0000000,0x00000000a7f05270,0x00000000b0600000)
 Metaspace       used 91103K, capacity 95504K, committed 95832K, reserved 1132544K
  class space    used 11673K, capacity 12495K, committed 12632K, reserved 1048576K
}
Event: 5869.804 GC heap before
{Heap before GC invocations=29 (full 4):
 PSYoungGen      total 422912K, used 416183K [0x00000000e0000000, 0x00000000fef00000, 0x0000000100000000)
  eden space 355328K, 100% used [0x00000000e0000000,0x00000000f5b00000,0x00000000f5b00000)
  from space 67584K, 90% used [0x00000000faa80000,0x00000000fe5edd78,0x00000000fec80000)
  to   space 75776K, 0% used [0x00000000f5b00000,0x00000000f5b00000,0x00000000fa500000)
 ParOldGen       total 268288K, used 130068K [0x00000000a0000000, 0x00000000b0600000, 0x00000000e0000000)
  object space 268288K, 48% used [0x00000000a0000000,0x00000000a7f05270,0x00000000b0600000)
 Metaspace       used 91384K, capacity 96074K, committed 96344K, reserved 1132544K
  class space    used 11709K, capacity 12558K, committed 12632K, reserved 1048576K
Event: 5869.816 GC heap after
Heap after GC invocations=29 (full 4):
 PSYoungGen      total 363520K, used 20588K [0x00000000e0000000, 0x00000000fdd80000, 0x0000000100000000)
  eden space 342528K, 0% used [0x00000000e0000000,0x00000000e0000000,0x00000000f4e80000)
  from space 20992K, 98% used [0x00000000f5b00000,0x00000000f6f1b0b0,0x00000000f6f80000)
  to   space 73216K, 0% used [0x00000000f9600000,0x00000000f9600000,0x00000000fdd80000)
 ParOldGen       total 268288K, used 130076K [0x00000000a0000000, 0x00000000b0600000, 0x00000000e0000000)
  object space 268288K, 48% used [0x00000000a0000000,0x00000000a7f07270,0x00000000b0600000)
 Metaspace       used 91384K, capacity 96074K, committed 96344K, reserved 1132544K
  class space    used 11709K, capacity 12558K, committed 12632K, reserved 1048576K
}

Deoptimization events (10 events):
Event: 6333.152 Thread 0x000000001de7f800 Uncommon trap: reason=unstable_if action=reinterpret pc=0x0000000005911e6c method=com.sun.org.apache.xerces.internal.dom.ParentNode.checkNormalizationAfterInsert(Lcom/sun/org/apache/xerces/internal/dom/ChildNode;)V @ 27
Event: 6333.191 Thread 0x000000002bb64800 Uncommon trap: reason=null_check action=make_not_entrant pc=0x00000000062e2048 method=com.android.manifmerger.XmlElement.<init>(Lorg/w3c/dom/Element;Lcom/android/manifmerger/XmlDocument;)V @ 86
Event: 6334.950 Thread 0x000000001de7f800 Uncommon trap: reason=array_check action=maybe_recompile pc=0x0000000004a9c51c method=java.util.ComparableTimSort.mergeLo(IIII)V @ 371
Event: 6334.950 Thread 0x000000001de7f800 Uncommon trap: reason=array_check action=maybe_recompile pc=0x0000000004a9c51c method=java.util.ComparableTimSort.mergeLo(IIII)V @ 371
Event: 6335.007 Thread 0x000000001de7f800 Uncommon trap: reason=class_check action=maybe_recompile pc=0x00000000049ee2f0 method=org.gradle.api.internal.tasks.compile.incremental.deps.ClassSetAnalysisData.getDependents(Ljava/lang/String;)Lorg/gradle/api/internal/tasks/compile/incremental/deps/Depe
Event: 6335.074 Thread 0x000000001de7f800 Uncommon trap: reason=unstable_if action=reinterpret pc=0x000000000587c3f0 method=org.gradle.internal.operations.DefaultBuildOperationExecutor$3.stop()V @ 61
Event: 6335.074 Thread 0x000000001de7f800 Uncommon trap: reason=unstable_if action=reinterpret pc=0x000000000587c3f0 method=org.gradle.internal.operations.DefaultBuildOperationExecutor$3.stop()V @ 61
Event: 6335.075 Thread 0x000000001de7f800 Uncommon trap: reason=unstable_if action=reinterpret pc=0x000000000587c3f0 method=org.gradle.internal.operations.DefaultBuildOperationExecutor$3.stop()V @ 61
Event: 6335.077 Thread 0x000000001de7f800 Uncommon trap: reason=unstable_if action=reinterpret pc=0x000000000587c3f0 method=org.gradle.internal.operations.DefaultBuildOperationExecutor$3.stop()V @ 61
Event: 6335.079 Thread 0x000000001de7f800 Uncommon trap: reason=bimorphic action=maybe_recompile pc=0x0000000003fd065c method=org.gradle.internal.logging.text.AbstractStyledTextOutput.text(Ljava/lang/Object;)Lorg/gradle/internal/logging/text/StyledTextOutput; @ 11

Classes redefined (0 events):
No events

Internal exceptions (10 events):
Event: 5867.924 Thread 0x0000000020b25800 Implicit null exception at 0x0000000004b98db3 to 0x0000000004b99219
Event: 5869.818 Thread 0x000000002bb62000 Exception <a 'sun/nio/fs/WindowsException'> (0x00000000e0146990) thrown at [D:\src\AOSP-openjdk-cygwin\jdk8u\hotspot\src\share\vm\prims\jni.cpp, line 710]
Event: 5869.818 Thread 0x000000002bb62000 Exception <a 'sun/nio/fs/WindowsException'> (0x00000000e0146e38) thrown at [D:\src\AOSP-openjdk-cygwin\jdk8u\hotspot\src\share\vm\prims\jni.cpp, line 710]
Event: 5870.025 Thread 0x0000000020b25800 Exception <a 'sun/nio/fs/WindowsException'> (0x00000000e29147b8) thrown at [D:\src\AOSP-openjdk-cygwin\jdk8u\hotspot\src\share\vm\prims\jni.cpp, line 710]
Event: 5870.058 Thread 0x0000000020b22800 Implicit null exception at 0x0000000003143034 to 0x000000000314332d
Event: 6334.814 Thread 0x000000002bb67800 Exception <a 'sun/nio/fs/WindowsException'> (0x00000000f0b2ce38) thrown at [D:\src\AOSP-openjdk-cygwin\jdk8u\hotspot\src\share\vm\prims\jni.cpp, line 710]
Event: 6334.814 Thread 0x000000002bb67800 Exception <a 'sun/nio/fs/WindowsException'> (0x00000000f0b2d2e0) thrown at [D:\src\AOSP-openjdk-cygwin\jdk8u\hotspot\src\share\vm\prims\jni.cpp, line 710]
Event: 6335.074 Thread 0x000000001de7f800 Exception <a 'java/lang/OutOfMemoryError'> (0x00000000f4cbf470) thrown at [D:\src\AOSP-openjdk-cygwin\jdk8u\hotspot\src\share\vm\prims\jni.cpp, line 736]
Event: 6335.074 Thread 0x000000001de7f800 Exception <a 'java/lang/reflect/InvocationTargetException'> (0x00000000f4cc24b0) thrown at [D:\src\AOSP-openjdk-cygwin\jdk8u\hotspot\src\share\vm\runtime\reflection.cpp, line 1092]
Event: 6335.079 Thread 0x000000001de7f800 Exception <a 'sun/nio/fs/WindowsException'> (0x00000000f4e270f8) thrown at [D:\src\AOSP-openjdk-cygwin\jdk8u\hotspot\src\share\vm\prims\jni.cpp, line 710]

Events (10 events):
Event: 6335.079 Thread 0x000000001de7f800 DEOPT UNPACKING pc=0x000000000303557b sp=0x000000001ccfcba0 mode 2
Event: 6335.079 Executing VM operation: RevokeBias
Event: 6335.079 Executing VM operation: RevokeBias done
Event: 6335.079 Executing VM operation: RevokeBias
Event: 6335.079 Executing VM operation: RevokeBias done
Event: 6335.079 Executing VM operation: RevokeBias
Event: 6335.079 Executing VM operation: RevokeBias done
Event: 6335.080 Executing VM operation: RevokeBias
Event: 6335.080 Executing VM operation: RevokeBias done
Event: 6335.080 Thread 0x000000002bb65000 Thread exited: 0x000000002bb65000


Dynamic libraries:
0x00007ff71fcd0000 - 0x00007ff71fd01000 	C:\Program Files\Android\Android Studio1\jre\bin\java.exe
0x00007fff33dc0000 - 0x00007fff33fb0000 	C:\WINDOWS\SYSTEM32\ntdll.dll
0x00007fff327e0000 - 0x00007fff32892000 	C:\WINDOWS\System32\KERNEL32.DLL
0x00007fff318e0000 - 0x00007fff31b84000 	C:\WINDOWS\System32\KERNELBASE.dll
0x00007fff338b0000 - 0x00007fff33953000 	C:\WINDOWS\System32\ADVAPI32.dll
0x00007fff332d0000 - 0x00007fff3336e000 	C:\WINDOWS\System32\msvcrt.dll
0x00007fff32dd0000 - 0x00007fff32e67000 	C:\WINDOWS\System32\sechost.dll
0x00007fff32cb0000 - 0x00007fff32dd0000 	C:\WINDOWS\System32\RPCRT4.dll
0x00007fff33bd0000 - 0x00007fff33d64000 	C:\WINDOWS\System32\USER32.dll
0x00007fff31de0000 - 0x00007fff31e01000 	C:\WINDOWS\System32\win32u.dll
0x00007fff32650000 - 0x00007fff32676000 	C:\WINDOWS\System32\GDI32.dll
0x00007fff30df0000 - 0x00007fff30f85000 	C:\WINDOWS\System32\gdi32full.dll
0x00007fff30d50000 - 0x00007fff30dee000 	C:\WINDOWS\System32\msvcp_win.dll
0x00007fff31060000 - 0x00007fff3115a000 	C:\WINDOWS\System32\ucrtbase.dll
0x00007fff12fe0000 - 0x00007fff13264000 	C:\WINDOWS\WinSxS\amd64_microsoft.windows.common-controls_6595b64144ccf1df_6.0.18362.900_none_e6beb9d913147d17\COMCTL32.dll
0x00007fff32e70000 - 0x00007fff331a5000 	C:\WINDOWS\System32\combase.dll
0x00007fff30f90000 - 0x00007fff31010000 	C:\WINDOWS\System32\bcryptPrimitives.dll
0x00007fff33a50000 - 0x00007fff33a7e000 	C:\WINDOWS\System32\IMM32.DLL
0x0000000055320000 - 0x00000000553f2000 	C:\Program Files\Android\Android Studio1\jre\jre\bin\msvcr100.dll
0x0000000055400000 - 0x0000000055c46000 	C:\Program Files\Android\Android Studio1\jre\jre\bin\server\jvm.dll
0x00007fff32640000 - 0x00007fff32648000 	C:\WINDOWS\System32\PSAPI.DLL
0x00007fff24230000 - 0x00007fff24254000 	C:\WINDOWS\SYSTEM32\WINMM.dll
0x00007fff240a0000 - 0x00007fff240a9000 	C:\WINDOWS\SYSTEM32\WSOCK32.dll
0x00007fff2c360000 - 0x00007fff2c36a000 	C:\WINDOWS\SYSTEM32\VERSION.dll
0x00007fff32b00000 - 0x00007fff32b6f000 	C:\WINDOWS\System32\WS2_32.dll
0x00007fff26590000 - 0x00007fff265bd000 	C:\WINDOWS\SYSTEM32\WINMMBASE.dll
0x00007fff31010000 - 0x00007fff3105a000 	C:\WINDOWS\System32\cfgmgr32.dll
0x00007fff29120000 - 0x00007fff2912f000 	C:\Program Files\Android\Android Studio1\jre\jre\bin\verify.dll
0x00007fff28990000 - 0x00007fff289b9000 	C:\Program Files\Android\Android Studio1\jre\jre\bin\java.dll
0x00007fff28970000 - 0x00007fff28986000 	C:\Program Files\Android\Android Studio1\jre\jre\bin\zip.dll
0x00007fff31ed0000 - 0x00007fff325b6000 	C:\WINDOWS\System32\SHELL32.dll
0x00007fff331b0000 - 0x00007fff33259000 	C:\WINDOWS\System32\shcore.dll
0x00007fff31160000 - 0x00007fff318e0000 	C:\WINDOWS\System32\windows.storage.dll
0x00007fff30d20000 - 0x00007fff30d43000 	C:\WINDOWS\System32\profapi.dll
0x00007fff30c90000 - 0x00007fff30cda000 	C:\WINDOWS\System32\powrprof.dll
0x00007fff30c80000 - 0x00007fff30c90000 	C:\WINDOWS\System32\UMPDC.dll
0x00007fff31e70000 - 0x00007fff31ec2000 	C:\WINDOWS\System32\shlwapi.dll
0x00007fff30d00000 - 0x00007fff30d11000 	C:\WINDOWS\System32\kernel.appcore.dll
0x00007fff31b90000 - 0x00007fff31ba7000 	C:\WINDOWS\System32\cryptsp.dll
0x00007fff28950000 - 0x00007fff2896a000 	C:\Program Files\Android\Android Studio1\jre\jre\bin\net.dll
0x00007fff29220000 - 0x00007fff293f6000 	C:\WINDOWS\SYSTEM32\urlmon.dll
0x00007fff25690000 - 0x00007fff25936000 	C:\WINDOWS\SYSTEM32\iertutil.dll
0x00007fff306c0000 - 0x00007fff306cc000 	C:\WINDOWS\SYSTEM32\CRYPTBASE.DLL
0x00007fff30490000 - 0x00007fff304f7000 	C:\WINDOWS\system32\mswsock.dll
0x00007fff28930000 - 0x00007fff28943000 	C:\Program Files\Android\Android Studio1\jre\jre\bin\nio.dll
0x00007fff21f30000 - 0x00007fff21f56000 	C:\Users\LAPTOP-MSI\.gradle\native\30\windows-amd64\native-platform.dll
0x00007fff28ff0000 - 0x00007fff28ffd000 	C:\Program Files\Android\Android Studio1\jre\jre\bin\management.dll
0x00007fff30000000 - 0x00007fff30033000 	C:\WINDOWS\system32\rsaenh.dll
0x00007fff31d00000 - 0x00007fff31d26000 	C:\WINDOWS\System32\bcrypt.dll
0x00007fff30ba0000 - 0x00007fff30bc5000 	C:\WINDOWS\SYSTEM32\USERENV.dll
0x00007fff301a0000 - 0x00007fff301da000 	C:\WINDOWS\SYSTEM32\IPHLPAPI.DLL
0x00007fff33d70000 - 0x00007fff33d78000 	C:\WINDOWS\System32\NSI.dll
0x00007fff2b3c0000 - 0x00007fff2b3d6000 	C:\WINDOWS\SYSTEM32\dhcpcsvc6.DLL
0x00007fff2b3a0000 - 0x00007fff2b3bc000 	C:\WINDOWS\SYSTEM32\dhcpcsvc.DLL
0x00007fff301e0000 - 0x00007fff302ab000 	C:\WINDOWS\SYSTEM32\DNSAPI.dll

VM Arguments:
jvm_args: -Xmx1536m -Dfile.encoding=windows-1252 -Duser.country=US -Duser.language=en -Duser.variant 
java_command: org.gradle.launcher.daemon.bootstrap.GradleDaemon 5.6.4
java_class_path (initial): C:\Users\LAPTOP-MSI\.gradle\wrapper\dists\gradle-5.6.4-all\ankdp27end7byghfw1q2sw75f\gradle-5.6.4\lib\gradle-launcher-5.6.4.jar
Launcher Type: SUN_STANDARD

Environment Variables:
JAVA_HOME=C:\java\bin
PATH=C:\Program Files (x86)\Common Files\Oracle\Java\javapath;C:\Program Files (x86)\Intel\Intel(R) Management Engine Components\iCLS\;C:\Program Files\Intel\Intel(R) Management Engine Components\iCLS\;C:\Windows\system32;C:\Windows;C:\Windows\System32\Wbem;C:\Windows\System32\WindowsPowerShell\v1.0\;C:\Windows\System32\OpenSSH\;C:\Program Files (x86)\NVIDIA Corporation\PhysX\Common;C:\Program Files\Intel\WiFi\bin\;C:\Program Files\Common Files\Intel\WirelessCommon\;C:\Program Files (x86)\Intel\Intel(R) Management Engine Components\DAL;C:\Program Files\Intel\Intel(R) Management Engine Components\DAL;C:\Program Files (x86)\Intel\Intel(R) Management Engine Components\IPT;C:\Program Files\Intel\Intel(R) Management Engine Components\IPT;c:\Program Files (x86)\Microsoft SQL Server\110\Tools\Binn\;c:\Program Files\Microsoft SQL Server\110\Tools\Binn\;c:\Program Files\Microsoft SQL Server\110\DTS\Binn\;c:\Program Files (x86)\Microsoft SQL Server\110\Tools\Binn\ManagementStudio\;c:\Program Files (x86)\Microsoft Visual Studio 10.0\Common7\IDE\PrivateAssemblies\;c:\Program Files (x86)\Microsoft SQL Server\110\DTS\Binn\;C:\Program Files\Microsoft\Web Platform Installer\;C:\Program Files (x86)\Microsoft ASP.NET\ASP.NET Web Pages\v1.0\;C:\WINDOWS\system32;C:\WINDOWS;C:\WINDOWS\System32\Wbem;C:\WINDOWS\System32\WindowsPowerShell\v1.0\;C:\WINDOWS\System32\OpenSSH\;C:\Program Files (x86)\Windows Kits\8.1\Windows Performance Toolkit\;C:\hadoop-2.7.3\bin;C:\java\bin;C:\Program Files\nodejs\;D:\Git\cmd;C:\Program Files (x86)\Rational\common;C:\Ruby26-x64\bin;C:\Users\LAPTOP-MSI\AppData\Local\Microsoft\WindowsApps;C:\Users\LAPTOP-MSI\AppData\Roaming\npm
USERNAME=LAPTOP-MSI
OS=Windows_NT
PROCESSOR_IDENTIFIER=Intel64 Family 6 Model 158 Stepping 10, GenuineIntel



---------------  S Y S T E M  ---------------

OS: Windows 10.0 , 64 bit Build 18362 (10.0.18362.900)

CPU:total 8 (initial active 8) (4 cores per cpu, 2 threads per core) family 6 model 158 stepping 10, cmov, cx8, fxsr, mmx, sse, sse2, sse3, ssse3, sse4.1, sse4.2, popcnt, avx, avx2, aes, clmul, erms, 3dnowpref, lzcnt, ht, tsc, tscinvbit, bmi1, bmi2, adx

Memory: 4k page, physical 8232368k(1603872k free), swap 10181040k(145948k free)

vm_info: OpenJDK 64-Bit Server VM (25.212-b04) for windows-amd64 JRE (1.8.0_212-release-1586-b04), built by "builder" with MS VC++ 10.0 (VS2010)

time: Tue Jun 16 12:02:07 2020
timezone: SE Asia Standard Time
elapsed time: 6335 seconds (0d 1h 45m 35s)

