#
# There is insufficient memory for the Java Runtime Environment to continue.
# Native memory allocation (malloc) failed to allocate 598416 bytes for Chunk::new
# Possible reasons:
#   The system is out of physical RAM or swap space
#   The process is running with CompressedOops enabled, and the Java Heap may be blocking the growth of the native heap
# Possible solutions:
#   Reduce memory load on the system
#   Increase physical memory or swap space
#   Check if swap backing store is full
#   Decrease Java heap size (-Xmx/-Xms)
#   Decrease number of Java threads
#   Decrease Java thread stack sizes (-Xss)
#   Set larger code cache with -XX:ReservedCodeCacheSize=
#   JVM is running with Unscaled Compressed Oops mode in which the Java heap is
#     placed in the first 4GB address space. The Java Heap base address is the
#     maximum limit for the native heap growth. Please use -XX:HeapBaseMinAddress
#     to set the Java Heap base and to place the Java Heap above 4GB virtual address.
# This output file may be truncated or incomplete.
#
#  Out of Memory Error (allocation.cpp:389), pid=12916, tid=0x0000000000001948
#
# JRE version: OpenJDK Runtime Environment (8.0_242-b01) (build 1.8.0_242-release-1644-b01)
# Java VM: OpenJDK 64-Bit Server VM (25.242-b01 mixed mode windows-amd64 compressed oops)
# Failed to write core dump. Minidumps are not enabled by default on client versions of Windows
#

---------------  T H R E A D  ---------------

Current thread (0x00000000182f1800):  JavaThread "C2 CompilerThread0" daemon [_thread_in_native, id=6472, stack(0x0000000018bc0000,0x0000000018cc0000)]

Stack: [0x0000000018bc0000,0x0000000018cc0000]
[error occurred during error reporting (printing stack bounds), id 0xc0000005]

Native frames: (J=compiled Java code, j=interpreted, Vv=VM code, C=native code)


Current CompileTask:
C2: 339398 21372       4       com.android.tools.r8.ir.conversion.o::a (270 bytes)


---------------  P R O C E S S  ---------------

Java Threads: ( => current thread )
  0x00000000244ef000 JavaThread "ForkJoinPool.commonPool-worker-7" daemon [_thread_blocked, id=10644, stack(0x000000002d8f0000,0x000000002d9f0000)]
  0x00000000244ed800 JavaThread "ForkJoinPool.commonPool-worker-6" daemon [_thread_blocked, id=10764, stack(0x000000002d7f0000,0x000000002d8f0000)]
  0x000000001a356000 JavaThread "ForkJoinPool.commonPool-worker-5" daemon [_thread_blocked, id=10680, stack(0x000000002d6f0000,0x000000002d7f0000)]
  0x000000001a357800 JavaThread "ForkJoinPool.commonPool-worker-4" daemon [_thread_blocked, id=7748, stack(0x000000002d5f0000,0x000000002d6f0000)]
  0x000000001a354800 JavaThread "ForkJoinPool.commonPool-worker-3" daemon [_thread_blocked, id=12272, stack(0x000000002bae0000,0x000000002bbe0000)]
  0x000000001a358000 JavaThread "ForkJoinPool.commonPool-worker-2" daemon [_thread_blocked, id=2304, stack(0x000000002b7e0000,0x000000002b8e0000)]
  0x000000001a34a800 JavaThread "ForkJoinPool.commonPool-worker-1" daemon [_thread_blocked, id=4544, stack(0x000000002ade0000,0x000000002aee0000)]
  0x000000001a34c000 JavaThread "Cache worker for Java compile cache (D:\Do An Androi\LuxuryShop_Android\DoAnAndroid\.gradle\6.1.1\javaCompile)" [_thread_blocked, id=1392, stack(0x000000002b2e0000,0x000000002b3e0000)]
  0x000000001a34b000 JavaThread "Cache worker for Java compile cache (C:\Users\LAPTOP-MSI\.gradle\caches\6.1.1\javaCompile)" [_thread_blocked, id=1952, stack(0x000000002a430000,0x000000002a530000)]
  0x000000001a351000 JavaThread "WorkerExecutor Queue Thread 10" [_thread_blocked, id=8524, stack(0x000000002a330000,0x000000002a430000)]
  0x000000001a356800 JavaThread "stdout" [_thread_in_native, id=10940, stack(0x000000002afe0000,0x000000002b0e0000)]
  0x000000001a349800 JavaThread "stderr" [_thread_in_native, id=13040, stack(0x000000002aee0000,0x000000002afe0000)]
  0x000000001a34f000 JavaThread "MarlinRenderer Disposer" daemon [_thread_blocked, id=12452, stack(0x000000002a930000,0x000000002aa30000)]
  0x000000001a34e000 JavaThread "Java2D Disposer" daemon [_thread_blocked, id=12792, stack(0x000000002aa60000,0x000000002ab60000)]
  0x00000000244ea800 JavaThread "WorkerExecutor Queue Thread 6" [_thread_blocked, id=10420, stack(0x000000002a230000,0x000000002a330000)]
  0x00000000244f0000 JavaThread "WorkerExecutor Queue Thread 5" [_thread_blocked, id=796, stack(0x000000002a130000,0x000000002a230000)]
  0x00000000244ed000 JavaThread "WorkerExecutor Queue Thread 4" [_thread_blocked, id=9192, stack(0x000000002a030000,0x000000002a130000)]
  0x00000000244ec000 JavaThread "WorkerExecutor Queue Thread 3" [_thread_blocked, id=12480, stack(0x0000000029f30000,0x000000002a030000)]
  0x00000000244e2000 JavaThread "WorkerExecutor Queue Thread 2" [_thread_blocked, id=14128, stack(0x0000000029e30000,0x0000000029f30000)]
  0x00000000244ea000 JavaThread "stdout" [_thread_in_native, id=508, stack(0x0000000029d30000,0x0000000029e30000)]
  0x00000000244ee800 JavaThread "stderr" [_thread_in_native, id=8164, stack(0x0000000029c30000,0x0000000029d30000)]
  0x00000000244e7800 JavaThread "stdout" [_thread_in_native, id=4188, stack(0x0000000029b30000,0x0000000029c30000)]
  0x00000000244e7000 JavaThread "stderr" [_thread_in_native, id=3276, stack(0x0000000029a30000,0x0000000029b30000)]
  0x00000000244e3800 JavaThread "stdout" [_thread_in_native, id=11644, stack(0x0000000029930000,0x0000000029a30000)]
  0x00000000244e6000 JavaThread "stderr" [_thread_in_native, id=9900, stack(0x0000000029830000,0x0000000029930000)]
  0x00000000244e5000 JavaThread "stdout" [_thread_in_native, id=13400, stack(0x0000000029730000,0x0000000029830000)]
  0x00000000244e9000 JavaThread "stderr" [_thread_in_native, id=10228, stack(0x0000000029630000,0x0000000029730000)]
  0x00000000244e4800 JavaThread "stdout" [_thread_in_native, id=11996, stack(0x0000000029530000,0x0000000029630000)]
  0x00000000244e3000 JavaThread "stderr" [_thread_in_native, id=7380, stack(0x0000000029430000,0x0000000029530000)]
  0x00000000244e8800 JavaThread "stdout" [_thread_in_native, id=9596, stack(0x0000000029330000,0x0000000029430000)]
  0x0000000024d1c800 JavaThread "stderr" [_thread_in_native, id=10320, stack(0x0000000029230000,0x0000000029330000)]
  0x0000000024d1c000 JavaThread "stdout" [_thread_in_native, id=13320, stack(0x0000000028fb0000,0x00000000290b0000)]
  0x0000000024d19800 JavaThread "stderr" [_thread_in_native, id=5944, stack(0x0000000028eb0000,0x0000000028fb0000)]
  0x0000000024d1a800 JavaThread "pool-4-thread-1" [_thread_blocked, id=9848, stack(0x0000000028db0000,0x0000000028eb0000)]
  0x0000000024d1f000 JavaThread "WorkerExecutor Queue" [_thread_blocked, id=884, stack(0x0000000029130000,0x0000000029230000)]
  0x0000000024d1e000 JavaThread "Cache worker for execution history cache (D:\Do An Androi\LuxuryShop_Android\DoAnAndroid\.gradle\6.1.1\executionHistory)" [_thread_blocked, id=1336, stack(0x0000000028ab0000,0x0000000028bb0000)]
  0x0000000024d1b000 JavaThread "Execution worker for ':' Thread 7" [_thread_in_vm, id=736, stack(0x00000000289b0000,0x0000000028ab0000)]
  0x0000000024d19000 JavaThread "Execution worker for ':' Thread 6" [_thread_blocked, id=10296, stack(0x00000000288b0000,0x00000000289b0000)]
  0x0000000024d11800 JavaThread "Execution worker for ':' Thread 5" [_thread_blocked, id=7312, stack(0x00000000287b0000,0x00000000288b0000)]
  0x0000000024d18000 JavaThread "Execution worker for ':' Thread 4" [_thread_blocked, id=10160, stack(0x00000000286b0000,0x00000000287b0000)]
  0x0000000024d14800 JavaThread "Execution worker for ':' Thread 3" [_thread_in_Java, id=3772, stack(0x00000000285b0000,0x00000000286b0000)]
  0x0000000024d17800 JavaThread "Execution worker for ':' Thread 2" [_thread_in_native, id=12208, stack(0x00000000284b0000,0x00000000285b0000)]
  0x0000000024d13800 JavaThread "Execution worker for ':'" [_thread_blocked, id=1552, stack(0x00000000283b0000,0x00000000284b0000)]
  0x0000000024d10800 JavaThread "Cache worker for file content cache (D:\Do An Androi\LuxuryShop_Android\DoAnAndroid\.gradle\6.1.1\fileContent)" [_thread_blocked, id=14224, stack(0x00000000282b0000,0x00000000283b0000)]
  0x0000000024d16800 JavaThread "Cache worker for file content cache (C:\Users\LAPTOP-MSI\.gradle\caches\6.1.1\fileContent)" [_thread_blocked, id=11332, stack(0x0000000027d50000,0x0000000027e50000)]
  0x0000000024d15000 JavaThread "Memory manager" [_thread_blocked, id=8148, stack(0x0000000022bb0000,0x0000000022cb0000)]
  0x0000000024d16000 JavaThread "Cache worker for Build Output Cleanup Cache (D:\Do An Androi\LuxuryShop_Android\DoAnAndroid\.gradle\buildOutputCleanup)" [_thread_blocked, id=5480, stack(0x00000000224b0000,0x00000000225b0000)]
  0x0000000024d13000 JavaThread "Build operations Thread 8" [_thread_blocked, id=10816, stack(0x00000000223b0000,0x00000000224b0000)]
  0x0000000024d12000 JavaThread "Build operations Thread 7" [_thread_blocked, id=13564, stack(0x00000000222b0000,0x00000000223b0000)]
  0x000000001b35e000 JavaThread "Build operations Thread 6" [_thread_blocked, id=8220, stack(0x00000000221b0000,0x00000000222b0000)]
  0x000000001b360800 JavaThread "Build operations Thread 5" [_thread_blocked, id=10060, stack(0x00000000220b0000,0x00000000221b0000)]
  0x000000001b35d800 JavaThread "Build operations Thread 4" [_thread_blocked, id=1372, stack(0x0000000021fb0000,0x00000000220b0000)]
  0x000000001b364000 JavaThread "Build operations Thread 3" [_thread_blocked, id=7900, stack(0x0000000021eb0000,0x0000000021fb0000)]
  0x000000001b362800 JavaThread "Build operations Thread 2" [_thread_blocked, id=10944, stack(0x00000000217a0000,0x00000000218a0000)]
  0x000000001d293800 JavaThread "Build operations" [_thread_blocked, id=1312, stack(0x000000001fb80000,0x000000001fc80000)]
  0x000000001d293000 JavaThread "Cache worker for cache directory md-rule (C:\Users\LAPTOP-MSI\.gradle\caches\6.1.1\md-rule)" [_thread_blocked, id=7064, stack(0x000000001f7f0000,0x000000001f8f0000)]
  0x000000001d290000 JavaThread "Cache worker for cache directory md-supplier (C:\Users\LAPTOP-MSI\.gradle\caches\6.1.1\md-supplier)" [_thread_blocked, id=12344, stack(0x000000001e4c0000,0x000000001e5c0000)]
  0x000000001d295000 JavaThread "Cache worker for file hash cache (D:\Do An Androi\LuxuryShop_Android\DoAnAndroid\.gradle\6.1.1\fileHashes)" [_thread_blocked, id=8308, stack(0x000000001e3c0000,0x000000001e4c0000)]
  0x000000001d28f000 JavaThread "Cache worker for checksums cache (D:\Do An Androi\LuxuryShop_Android\DoAnAndroid\.gradle\checksums)" [_thread_blocked, id=2216, stack(0x000000001c8f0000,0x000000001c9f0000)]
  0x000000001d28e800 JavaThread "Thread-32" [_thread_blocked, id=4596, stack(0x000000001c7f0000,0x000000001c8f0000)]
  0x000000001d287000 JavaThread "Stdin handler" [_thread_blocked, id=8316, stack(0x000000001c6f0000,0x000000001c7f0000)]
  0x000000001d28d800 JavaThread "Asynchronous log dispatcher for DefaultDaemonConnection: socket connection from /127.0.0.1:53539 to /127.0.0.1:53600" [_thread_blocked, id=6804, stack(0x000000001c3f0000,0x000000001c4f0000)]
  0x000000001d28c000 JavaThread "Daemon worker Thread 2" [_thread_in_vm, id=13012, stack(0x000000001c2f0000,0x000000001c3f0000)]
  0x000000001d28d000 JavaThread "Cancel handler" [_thread_blocked, id=10252, stack(0x0000000000b30000,0x0000000000c30000)]
  0x000000001d28b800 JavaThread "Handler for socket connection from /127.0.0.1:53539 to /127.0.0.1:53600" [_thread_in_native, id=12048, stack(0x0000000000a30000,0x0000000000b30000)]
  0x000000001d288800 JavaThread "Daemon Thread 2" [_thread_blocked, id=4828, stack(0x0000000000930000,0x0000000000a30000)]
  0x000000001b363800 JavaThread "Cache worker for execution history cache (C:\Users\LAPTOP-MSI\.gradle\caches\6.1.1\executionHistory)" [_thread_blocked, id=14204, stack(0x000000001fc80000,0x000000001fd80000)]
  0x000000001b362000 JavaThread "Cache worker for file hash cache (C:\Users\LAPTOP-MSI\.gradle\caches\6.1.1\fileHashes)" [_thread_blocked, id=268, stack(0x000000001d0f0000,0x000000001d1f0000)]
  0x000000001b361000 JavaThread "File lock request listener" [_thread_in_native, id=9736, stack(0x000000001cff0000,0x000000001d0f0000)]
  0x000000001a68c000 JavaThread "Cache worker for journal cache (C:\Users\LAPTOP-MSI\.gradle\caches\journal-1)" [_thread_blocked, id=12692, stack(0x000000001cef0000,0x000000001cff0000)]
  0x000000001b0ee800 JavaThread "Daemon periodic checks" [_thread_blocked, id=1548, stack(0x000000001c1f0000,0x000000001c2f0000)]
  0x000000001b0df000 JavaThread "Incoming local TCP Connector on port 53539" [_thread_in_native, id=10952, stack(0x000000001bfb0000,0x000000001c0b0000)]
  0x0000000019cbc000 JavaThread "Daemon health stats" [_thread_blocked, id=13384, stack(0x000000001a990000,0x000000001aa90000)]
  0x0000000018389800 JavaThread "Service Thread" daemon [_thread_blocked, id=10200, stack(0x0000000018fc0000,0x00000000190c0000)]
  0x00000000182fd000 JavaThread "C1 CompilerThread3" daemon [_thread_in_native, id=11044, stack(0x0000000018ec0000,0x0000000018fc0000)]
  0x00000000182f9000 JavaThread "C2 CompilerThread2" daemon [_thread_in_native, id=13912, stack(0x0000000018dc0000,0x0000000018ec0000)]
  0x00000000182f4800 JavaThread "C2 CompilerThread1" daemon [_thread_in_native, id=11416, stack(0x0000000018cc0000,0x0000000018dc0000)]
=>0x00000000182f1800 JavaThread "C2 CompilerThread0" daemon [_thread_in_native, id=6472, stack(0x0000000018bc0000,0x0000000018cc0000)]
  0x00000000182f0000 JavaThread "Attach Listener" daemon [_thread_blocked, id=11036, stack(0x0000000018ac0000,0x0000000018bc0000)]
  0x00000000182ef000 JavaThread "Signal Dispatcher" daemon [_thread_blocked, id=12852, stack(0x00000000189c0000,0x0000000018ac0000)]
  0x000000000268e800 JavaThread "Finalizer" daemon [_thread_blocked, id=10844, stack(0x00000000187c0000,0x00000000188c0000)]
  0x00000000182e0800 JavaThread "Reference Handler" daemon [_thread_blocked, id=6516, stack(0x00000000186c0000,0x00000000187c0000)]
  0x000000000271e800 JavaThread "main" [_thread_blocked, id=13392, stack(0x0000000002440000,0x0000000002540000)]

Other Threads:
  0x00000000164d6000 VMThread [stack: 0x00000000181c0000,0x00000000182c0000] [id=3128]
  0x000000001838a000 WatcherThread [stack: 0x00000000190c0000,0x00000000191c0000] [id=8276]

VM state:not at safepoint (normal execution)

VM Mutex/Monitor currently owned by a thread: None

heap address: 0x00000000a0000000, size: 1536 MB, Compressed Oops mode: 32-bit
Narrow klass base: 0x0000000000000000, Narrow klass shift: 3
Compressed class space size: 1073741824 Address: 0x0000000100000000

Heap:
 PSYoungGen      total 280064K, used 73914K [0x00000000e0000000, 0x00000000f6500000, 0x0000000100000000)
  eden space 222208K, 15% used [0x00000000e0000000,0x00000000e21e1a08,0x00000000ed900000)
  from space 57856K, 67% used [0x00000000f2c80000,0x00000000f52ccf70,0x00000000f6500000)
  to   space 53248K, 0% used [0x00000000ed900000,0x00000000ed900000,0x00000000f0d00000)
 ParOldGen       total 227840K, used 120769K [0x00000000a0000000, 0x00000000ade80000, 0x00000000e0000000)
  object space 227840K, 53% used [0x00000000a0000000,0x00000000a75f0530,0x00000000ade80000)
 Metaspace       used 111204K, capacity 116995K, committed 117120K, reserved 1150976K
  class space    used 14284K, capacity 15392K, committed 15488K, reserved 1048576K

Card table byte_map: [0x0000000011ae0000,0x0000000011df0000] byte_map_base: 0x00000000115e0000

Marking Bits: (ParMarkBitMap*) 0x000000006676f030
 Begin Bits: [0x00000000127f0000, 0x0000000013ff0000)
 End Bits:   [0x0000000013ff0000, 0x00000000157f0000)

Polling page: 0x0000000000740000

CodeCache: size=245760Kb used=60997Kb max_used=60997Kb free=184762Kb
 bounds [0x0000000002720000, 0x0000000006300000, 0x0000000011720000]
 total_blobs=19038 nmethods=17974 adapters=975
 compilation: enabled

Compilation events (10 events):
Event: 339.118 Thread 0x00000000182fd000 21620       1       com.android.tools.r8.code.a0::k (3 bytes)
Event: 339.118 Thread 0x00000000182fd000 nmethod 21620 0x0000000006164750 code [0x00000000061648a0, 0x00000000061649b0]
Event: 339.118 Thread 0x00000000182fd000 21619       1       com.android.tools.r8.code.i2::k (3 bytes)
Event: 339.118 Thread 0x00000000182fd000 nmethod 21619 0x0000000006164a10 code [0x0000000006164b60, 0x0000000006164c70]
Event: 339.118 Thread 0x00000000182fd000 21625       1       com.android.tools.r8.code.a3::k (3 bytes)
Event: 339.119 Thread 0x00000000182fd000 nmethod 21625 0x0000000006164cd0 code [0x0000000006164e20, 0x0000000006164f30]
Event: 339.119 Thread 0x00000000182fd000 21628       1       com.android.tools.r8.code.a1::k (3 bytes)
Event: 339.119 Thread 0x00000000182fd000 nmethod 21628 0x0000000006164f90 code [0x00000000061650e0, 0x00000000061651f0]
Event: 339.119 Thread 0x00000000182fd000 21630       1       com.android.tools.r8.code.Y0::k (3 bytes)
Event: 339.119 Thread 0x00000000182fd000 nmethod 21630 0x0000000006165250 code [0x00000000061653a0, 0x00000000061654b0]

GC Heap History (10 events):
Event: 328.769 GC heap before
{Heap before GC invocations=29 (full 4):
 PSYoungGen      total 239616K, used 196850K [0x00000000e0000000, 0x00000000f2900000, 0x0000000100000000)
  eden space 187392K, 100% used [0x00000000e0000000,0x00000000eb700000,0x00000000eb700000)
  from space 52224K, 18% used [0x00000000ef600000,0x00000000eff3c930,0x00000000f2900000)
  to   space 58368K, 0% used [0x00000000eb700000,0x00000000eb700000,0x00000000ef000000)
 ParOldGen       total 227840K, used 120713K [0x00000000a0000000, 0x00000000ade80000, 0x00000000e0000000)
  object space 227840K, 52% used [0x00000000a0000000,0x00000000a75e2530,0x00000000ade80000)
 Metaspace       used 94390K, capacity 98119K, committed 98688K, reserved 1134592K
  class space    used 12025K, capacity 12792K, committed 12928K, reserved 1048576K
Event: 328.775 GC heap after
Heap after GC invocations=29 (full 4):
 PSYoungGen      total 245760K, used 5891K [0x00000000e0000000, 0x00000000f3a80000, 0x0000000100000000)
  eden space 187392K, 0% used [0x00000000e0000000,0x00000000e0000000,0x00000000eb700000)
  from space 58368K, 10% used [0x00000000eb700000,0x00000000ebcc0f78,0x00000000ef000000)
  to   space 57856K, 0% used [0x00000000f0200000,0x00000000f0200000,0x00000000f3a80000)
 ParOldGen       total 227840K, used 120721K [0x00000000a0000000, 0x00000000ade80000, 0x00000000e0000000)
  object space 227840K, 52% used [0x00000000a0000000,0x00000000a75e4530,0x00000000ade80000)
 Metaspace       used 94390K, capacity 98119K, committed 98688K, reserved 1134592K
  class space    used 12025K, capacity 12792K, committed 12928K, reserved 1048576K
}
Event: 332.484 GC heap before
{Heap before GC invocations=30 (full 4):
 PSYoungGen      total 245760K, used 193283K [0x00000000e0000000, 0x00000000f3a80000, 0x0000000100000000)
  eden space 187392K, 100% used [0x00000000e0000000,0x00000000eb700000,0x00000000eb700000)
  from space 58368K, 10% used [0x00000000eb700000,0x00000000ebcc0f78,0x00000000ef000000)
  to   space 57856K, 0% used [0x00000000f0200000,0x00000000f0200000,0x00000000f3a80000)
 ParOldGen       total 227840K, used 120721K [0x00000000a0000000, 0x00000000ade80000, 0x00000000e0000000)
  object space 227840K, 52% used [0x00000000a0000000,0x00000000a75e4530,0x00000000ade80000)
 Metaspace       used 100201K, capacity 104207K, committed 104576K, reserved 1140736K
  class space    used 12721K, capacity 13580K, committed 13696K, reserved 1048576K
Event: 332.503 GC heap after
Heap after GC invocations=30 (full 4):
 PSYoungGen      total 256000K, used 11798K [0x00000000e0000000, 0x00000000f3400000, 0x0000000100000000)
  eden space 204800K, 0% used [0x00000000e0000000,0x00000000e0000000,0x00000000ec800000)
  from space 51200K, 23% used [0x00000000f0200000,0x00000000f0d859d8,0x00000000f3400000)
  to   space 55296K, 0% used [0x00000000ec800000,0x00000000ec800000,0x00000000efe00000)
 ParOldGen       total 227840K, used 120729K [0x00000000a0000000, 0x00000000ade80000, 0x00000000e0000000)
  object space 227840K, 52% used [0x00000000a0000000,0x00000000a75e6530,0x00000000ade80000)
 Metaspace       used 100201K, capacity 104207K, committed 104576K, reserved 1140736K
  class space    used 12721K, capacity 13580K, committed 13696K, reserved 1048576K
}
Event: 335.388 GC heap before
{Heap before GC invocations=31 (full 4):
 PSYoungGen      total 256000K, used 216598K [0x00000000e0000000, 0x00000000f3400000, 0x0000000100000000)
  eden space 204800K, 100% used [0x00000000e0000000,0x00000000ec800000,0x00000000ec800000)
  from space 51200K, 23% used [0x00000000f0200000,0x00000000f0d859d8,0x00000000f3400000)
  to   space 55296K, 0% used [0x00000000ec800000,0x00000000ec800000,0x00000000efe00000)
 ParOldGen       total 227840K, used 120729K [0x00000000a0000000, 0x00000000ade80000, 0x00000000e0000000)
  object space 227840K, 52% used [0x00000000a0000000,0x00000000a75e6530,0x00000000ade80000)
 Metaspace       used 100678K, capacity 104751K, committed 105088K, reserved 1140736K
  class space    used 12780K, capacity 13632K, committed 13696K, reserved 1048576K
Event: 335.402 GC heap after
Heap after GC invocations=31 (full 4):
 PSYoungGen      total 260096K, used 15088K [0x00000000e0000000, 0x00000000f4080000, 0x0000000100000000)
  eden space 204800K, 0% used [0x00000000e0000000,0x00000000e0000000,0x00000000ec800000)
  from space 55296K, 27% used [0x00000000ec800000,0x00000000ed6bc298,0x00000000efe00000)
  to   space 52736K, 0% used [0x00000000f0d00000,0x00000000f0d00000,0x00000000f4080000)
 ParOldGen       total 227840K, used 120737K [0x00000000a0000000, 0x00000000ade80000, 0x00000000e0000000)
  object space 227840K, 52% used [0x00000000a0000000,0x00000000a75e8530,0x00000000ade80000)
 Metaspace       used 100678K, capacity 104751K, committed 105088K, reserved 1140736K
  class space    used 12780K, capacity 13632K, committed 13696K, reserved 1048576K
}
Event: 337.536 GC heap before
{Heap before GC invocations=32 (full 4):
 PSYoungGen      total 260096K, used 219888K [0x00000000e0000000, 0x00000000f4080000, 0x0000000100000000)
  eden space 204800K, 100% used [0x00000000e0000000,0x00000000ec800000,0x00000000ec800000)
  from space 55296K, 27% used [0x00000000ec800000,0x00000000ed6bc298,0x00000000efe00000)
  to   space 52736K, 0% used [0x00000000f0d00000,0x00000000f0d00000,0x00000000f4080000)
 ParOldGen       total 227840K, used 120737K [0x00000000a0000000, 0x00000000ade80000, 0x00000000e0000000)
  object space 227840K, 52% used [0x00000000a0000000,0x00000000a75e8530,0x00000000ade80000)
 Metaspace       used 109423K, capacity 114925K, committed 115072K, reserved 1148928K
  class space    used 14123K, capacity 15191K, committed 15232K, reserved 1048576K
Event: 337.564 GC heap after
Heap after GC invocations=32 (full 4):
 PSYoungGen      total 274944K, used 30056K [0x00000000e0000000, 0x00000000f4400000, 0x0000000100000000)
  eden space 222208K, 0% used [0x00000000e0000000,0x00000000e0000000,0x00000000ed900000)
  from space 52736K, 56% used [0x00000000f0d00000,0x00000000f2a5a308,0x00000000f4080000)
  to   space 53248K, 0% used [0x00000000ed900000,0x00000000ed900000,0x00000000f0d00000)
 ParOldGen       total 227840K, used 120753K [0x00000000a0000000, 0x00000000ade80000, 0x00000000e0000000)
  object space 227840K, 52% used [0x00000000a0000000,0x00000000a75ec530,0x00000000ade80000)
 Metaspace       used 109423K, capacity 114925K, committed 115072K, reserved 1148928K
  class space    used 14123K, capacity 15191K, committed 15232K, reserved 1048576K
}
Event: 338.841 GC heap before
{Heap before GC invocations=33 (full 4):
 PSYoungGen      total 274944K, used 252264K [0x00000000e0000000, 0x00000000f4400000, 0x0000000100000000)
  eden space 222208K, 100% used [0x00000000e0000000,0x00000000ed900000,0x00000000ed900000)
  from space 52736K, 56% used [0x00000000f0d00000,0x00000000f2a5a308,0x00000000f4080000)
  to   space 53248K, 0% used [0x00000000ed900000,0x00000000ed900000,0x00000000f0d00000)
 ParOldGen       total 227840K, used 120753K [0x00000000a0000000, 0x00000000ade80000, 0x00000000e0000000)
  object space 227840K, 52% used [0x00000000a0000000,0x00000000a75ec530,0x00000000ade80000)
 Metaspace       used 110749K, capacity 116557K, committed 116864K, reserved 1150976K
  class space    used 14256K, capacity 15383K, committed 15488K, reserved 1048576K
Event: 338.868 GC heap after
Heap after GC invocations=33 (full 4):
 PSYoungGen      total 275456K, used 41045K [0x00000000e0000000, 0x00000000f6500000, 0x0000000100000000)
  eden space 222208K, 0% used [0x00000000e0000000,0x00000000e0000000,0x00000000ed900000)
  from space 53248K, 77% used [0x00000000ed900000,0x00000000f01157b0,0x00000000f0d00000)
  to   space 57856K, 0% used [0x00000000f2c80000,0x00000000f2c80000,0x00000000f6500000)
 ParOldGen       total 227840K, used 120761K [0x00000000a0000000, 0x00000000ade80000, 0x00000000e0000000)
  object space 227840K, 53% used [0x00000000a0000000,0x00000000a75ee530,0x00000000ade80000)
 Metaspace       used 110749K, capacity 116557K, committed 116864K, reserved 1150976K
  class space    used 14256K, capacity 15383K, committed 15488K, reserved 1048576K
}

Deoptimization events (10 events):
Event: 338.938 Thread 0x0000000024d19000 Uncommon trap: reason=array_check action=maybe_recompile pc=0x0000000005ef40b8 method=java.util.TimSort.reverseRange([Ljava/lang/Object;II)V @ 27
Event: 338.938 Thread 0x0000000024d19000 Uncommon trap: reason=array_check action=maybe_recompile pc=0x0000000004b61c20 method=java.util.TimSort.reverseRange([Ljava/lang/Object;II)V @ 27
Event: 338.939 Thread 0x0000000024d13800 Uncommon trap: reason=unstable_if action=reinterpret pc=0x0000000005704054 method=com.android.tools.r8.u.b.a0.a(Lcom/android/tools/r8/u/b/h0;)V @ 8
Event: 338.940 Thread 0x0000000024d19000 Uncommon trap: reason=array_check action=maybe_recompile pc=0x0000000005d8a28c method=java.util.TimSort.mergeHi(IIII)V @ 101
Event: 338.963 Thread 0x0000000024d14800 Uncommon trap: reason=unstable_if action=reinterpret pc=0x00000000056eeb34 method=com.android.tools.r8.ir.conversion.o.e(I)Lcom/android/tools/r8/graph/r; @ 4
Event: 338.963 Thread 0x0000000024d14800 Uncommon trap: reason=unstable_if action=reinterpret pc=0x0000000003dc8f28 method=com.android.tools.r8.ir.conversion.o.c(I)Lcom/android/tools/r8/graph/r; @ 6
Event: 338.963 Thread 0x0000000024d14800 Uncommon trap: reason=unstable_if action=reinterpret pc=0x0000000005db2148 method=com.android.tools.r8.ir.conversion.o.e(I)Lcom/android/tools/r8/graph/r; @ 4
Event: 339.022 Thread 0x0000000024d13800 Uncommon trap: reason=class_check action=maybe_recompile pc=0x0000000005761478 method=com.android.tools.r8.v.a.a.a.f.U.equals(Ljava/lang/Object;)Z @ 1
Event: 339.097 Thread 0x0000000024d13800 Uncommon trap: reason=unstable_if action=reinterpret pc=0x00000000056c4700 method=com.android.tools.r8.graph.e0.c(Lcom/android/tools/r8/graph/e0;)I @ 141
Event: 339.106 Thread 0x0000000024d13800 Uncommon trap: reason=unstable_if action=reinterpret pc=0x00000000035f95a8 method=java.util.Arrays.equals([Ljava/lang/Object;[Ljava/lang/Object;)Z @ 47

Classes redefined (0 events):
No events

Internal exceptions (10 events):
Event: 337.810 Thread 0x00000000244ea800 Exception <a 'sun/nio/fs/WindowsException'> (0x00000000e1b52468) thrown at [C:\src\AOSP-openjdk-git\hotspot\src\share\vm\prims\jni.cpp, line 710]
Event: 338.579 Thread 0x0000000024d11800 Exception <a 'sun/nio/fs/WindowsException'> (0x00000000e37e84a0) thrown at [C:\src\AOSP-openjdk-git\hotspot\src\share\vm\prims\jni.cpp, line 710]
Event: 338.581 Thread 0x0000000024d19000 Exception <a 'sun/nio/fs/WindowsException'> (0x00000000e38ab750) thrown at [C:\src\AOSP-openjdk-git\hotspot\src\share\vm\prims\jni.cpp, line 710]
Event: 338.585 Thread 0x0000000024d11800 Exception <a 'sun/nio/fs/WindowsException'> (0x00000000e39885e8) thrown at [C:\src\AOSP-openjdk-git\hotspot\src\share\vm\prims\jni.cpp, line 710]
Event: 338.589 Thread 0x0000000024d13800 Exception <a 'sun/nio/fs/WindowsException'> (0x00000000e3d570e0) thrown at [C:\src\AOSP-openjdk-git\hotspot\src\share\vm\prims\jni.cpp, line 710]
Event: 338.638 Thread 0x0000000024d14800 Exception <a 'sun/nio/fs/WindowsException'> (0x00000000e5a5c248) thrown at [C:\src\AOSP-openjdk-git\hotspot\src\share\vm\prims\jni.cpp, line 710]
Event: 338.669 Thread 0x0000000024d1b000 Exception <a 'sun/nio/fs/WindowsException'> (0x00000000e6f7b8f0) thrown at [C:\src\AOSP-openjdk-git\hotspot\src\share\vm\prims\jni.cpp, line 710]
Event: 338.671 Thread 0x000000001d28c000 Exception <a 'sun/nio/fs/WindowsException'> (0x00000000e718e3d0) thrown at [C:\src\AOSP-openjdk-git\hotspot\src\share\vm\prims\jni.cpp, line 710]
Event: 338.946 Thread 0x0000000024d19000 Exception <a 'sun/nio/fs/WindowsException'> (0x00000000e285e290) thrown at [C:\src\AOSP-openjdk-git\hotspot\src\share\vm\prims\jni.cpp, line 710]
Event: 339.118 Thread 0x0000000024d13800 Exception <a 'sun/nio/fs/WindowsException'> (0x00000000e4193730) thrown at [C:\src\AOSP-openjdk-git\hotspot\src\share\vm\prims\jni.cpp, line 710]

Events (10 events):
Event: 339.022 Thread 0x0000000024d13800 DEOPT PACKING pc=0x0000000005761478 sp=0x00000000284a9f60
Event: 339.022 Thread 0x0000000024d13800 DEOPT UNPACKING pc=0x000000000276557b sp=0x00000000284a9ef8 mode 2
Event: 339.069 Executing VM operation: ForceSafepoint
Event: 339.070 Executing VM operation: ForceSafepoint done
Event: 339.097 Thread 0x0000000024d13800 Uncommon trap: trap_request=0xffffff65 fr.pc=0x00000000056c4700
Event: 339.097 Thread 0x0000000024d13800 DEOPT PACKING pc=0x00000000056c4700 sp=0x00000000284aab30
Event: 339.097 Thread 0x0000000024d13800 DEOPT UNPACKING pc=0x000000000276557b sp=0x00000000284aaad0 mode 2
Event: 339.106 Thread 0x0000000024d13800 Uncommon trap: trap_request=0xffffff65 fr.pc=0x00000000035f95a8
Event: 339.106 Thread 0x0000000024d13800 DEOPT PACKING pc=0x00000000035f95a8 sp=0x00000000284aa600
Event: 339.106 Thread 0x0000000024d13800 DEOPT UNPACKING pc=0x000000000276557b sp=0x00000000284aa598 mode 2


Dynamic libraries:
0x00007ff74e050000 - 0x00007ff74e081000 	C:\Program Files\Android\Android Studio1\jre\bin\java.exe
0x00007ff9c6200000 - 0x00007ff9c63f0000 	C:\WINDOWS\SYSTEM32\ntdll.dll
0x00007ff9c56d0000 - 0x00007ff9c5782000 	C:\WINDOWS\System32\KERNEL32.DLL
0x00007ff9c3d30000 - 0x00007ff9c3fd4000 	C:\WINDOWS\System32\KERNELBASE.dll
0x00007ff9c5890000 - 0x00007ff9c5933000 	C:\WINDOWS\System32\ADVAPI32.dll
0x00007ff9c4890000 - 0x00007ff9c492e000 	C:\WINDOWS\System32\msvcrt.dll
0x00007ff9c5630000 - 0x00007ff9c56c7000 	C:\WINDOWS\System32\sechost.dll
0x00007ff9c5e90000 - 0x00007ff9c5fb0000 	C:\WINDOWS\System32\RPCRT4.dll
0x00007ff9c5250000 - 0x00007ff9c53e4000 	C:\WINDOWS\System32\USER32.dll
0x00007ff9c3fe0000 - 0x00007ff9c4001000 	C:\WINDOWS\System32\win32u.dll
0x00007ff9c53f0000 - 0x00007ff9c5416000 	C:\WINDOWS\System32\GDI32.dll
0x00007ff9c3b90000 - 0x00007ff9c3d25000 	C:\WINDOWS\System32\gdi32full.dll
0x00007ff9c4110000 - 0x00007ff9c41ae000 	C:\WINDOWS\System32\msvcp_win.dll
0x00007ff9c4010000 - 0x00007ff9c410a000 	C:\WINDOWS\System32\ucrtbase.dll
0x00007ff9bb770000 - 0x00007ff9bb9f4000 	C:\WINDOWS\WinSxS\amd64_microsoft.windows.common-controls_6595b64144ccf1df_6.0.18362.900_none_e6beb9d913147d17\COMCTL32.dll
0x00007ff9c5940000 - 0x00007ff9c5c75000 	C:\WINDOWS\System32\combase.dll
0x00007ff9c3190000 - 0x00007ff9c3210000 	C:\WINDOWS\System32\bcryptPrimitives.dll
0x00007ff9c4780000 - 0x00007ff9c47ae000 	C:\WINDOWS\System32\IMM32.DLL
0x0000000066c80000 - 0x0000000066d52000 	C:\Program Files\Android\Android Studio1\jre\jre\bin\msvcr100.dll
0x0000000065fa0000 - 0x00000000667eb000 	C:\Program Files\Android\Android Studio1\jre\jre\bin\server\jvm.dll
0x00007ff9c4880000 - 0x00007ff9c4888000 	C:\WINDOWS\System32\PSAPI.DLL
0x00007ff9b0730000 - 0x00007ff9b0739000 	C:\WINDOWS\SYSTEM32\WSOCK32.dll
0x00007ff9c05a0000 - 0x00007ff9c05aa000 	C:\WINDOWS\SYSTEM32\VERSION.dll
0x00007ff9bf800000 - 0x00007ff9bf824000 	C:\WINDOWS\SYSTEM32\WINMM.dll
0x00007ff9c5790000 - 0x00007ff9c57ff000 	C:\WINDOWS\System32\WS2_32.dll
0x00007ff9bf7d0000 - 0x00007ff9bf7fd000 	C:\WINDOWS\SYSTEM32\WINMMBASE.dll
0x00007ff9c41b0000 - 0x00007ff9c41fa000 	C:\WINDOWS\System32\cfgmgr32.dll
0x00007ff9c0a60000 - 0x00007ff9c0a6f000 	C:\Program Files\Android\Android Studio1\jre\jre\bin\verify.dll
0x00007ff9bc2e0000 - 0x00007ff9bc309000 	C:\Program Files\Android\Android Studio1\jre\jre\bin\java.dll
0x00007ff9bc350000 - 0x00007ff9bc366000 	C:\Program Files\Android\Android Studio1\jre\jre\bin\zip.dll
0x00007ff9c4930000 - 0x00007ff9c5016000 	C:\WINDOWS\System32\SHELL32.dll
0x00007ff9c5d00000 - 0x00007ff9c5da9000 	C:\WINDOWS\System32\shcore.dll
0x00007ff9c3410000 - 0x00007ff9c3b90000 	C:\WINDOWS\System32\windows.storage.dll
0x00007ff9c30d0000 - 0x00007ff9c30f3000 	C:\WINDOWS\System32\profapi.dll
0x00007ff9c3120000 - 0x00007ff9c316a000 	C:\WINDOWS\System32\powrprof.dll
0x00007ff9c30c0000 - 0x00007ff9c30d0000 	C:\WINDOWS\System32\UMPDC.dll
0x00007ff9c5ca0000 - 0x00007ff9c5cf2000 	C:\WINDOWS\System32\shlwapi.dll
0x00007ff9c3170000 - 0x00007ff9c3181000 	C:\WINDOWS\System32\kernel.appcore.dll
0x00007ff9c4230000 - 0x00007ff9c4247000 	C:\WINDOWS\System32\cryptsp.dll
0x00007ff9b9e00000 - 0x00007ff9b9e1a000 	C:\Program Files\Android\Android Studio1\jre\jre\bin\net.dll
0x00007ff9c28d0000 - 0x00007ff9c2937000 	C:\WINDOWS\system32\mswsock.dll
0x00007ff9b9de0000 - 0x00007ff9b9df3000 	C:\Program Files\Android\Android Studio1\jre\jre\bin\nio.dll
0x00007ff9baad0000 - 0x00007ff9baaf6000 	C:\Users\LAPTOP-MSI\.gradle\native\31\windows-amd64\native-platform.dll
0x00007ff9bc2d0000 - 0x00007ff9bc2dd000 	C:\Program Files\Android\Android Studio1\jre\jre\bin\management.dll
0x00007ff9c2440000 - 0x00007ff9c2473000 	C:\WINDOWS\system32\rsaenh.dll
0x00007ff9c4200000 - 0x00007ff9c4226000 	C:\WINDOWS\System32\bcrypt.dll
0x00007ff9c2fe0000 - 0x00007ff9c3005000 	C:\WINDOWS\SYSTEM32\USERENV.dll
0x00007ff9c2aa0000 - 0x00007ff9c2aac000 	C:\WINDOWS\SYSTEM32\CRYPTBASE.dll
0x00007ff9c25e0000 - 0x00007ff9c261a000 	C:\WINDOWS\SYSTEM32\IPHLPAPI.DLL
0x00007ff9c5db0000 - 0x00007ff9c5db8000 	C:\WINDOWS\System32\NSI.dll
0x00007ff9be170000 - 0x00007ff9be186000 	C:\WINDOWS\SYSTEM32\dhcpcsvc6.DLL
0x00007ff9be2d0000 - 0x00007ff9be2ec000 	C:\WINDOWS\SYSTEM32\dhcpcsvc.DLL
0x00007ff9c2670000 - 0x00007ff9c273b000 	C:\WINDOWS\SYSTEM32\DNSAPI.dll
0x00007ff9b5aa0000 - 0x00007ff9b5ac4000 	C:\Program Files\Android\Android Studio1\jre\jre\bin\sunec.dll
0x00007ff9bd5e0000 - 0x00007ff9bd5ea000 	C:\Windows\System32\rasadhlp.dll
0x00007ff9bdb30000 - 0x00007ff9bdba7000 	C:\WINDOWS\System32\fwpuclnt.dll
0x00007ff9bc5a0000 - 0x00007ff9bc5ab000 	C:\Program Files\Android\Android Studio1\jre\jre\bin\sunmscapi.dll
0x00007ff9c3210000 - 0x00007ff9c3359000 	C:\WINDOWS\System32\CRYPT32.dll
0x00007ff9c3100000 - 0x00007ff9c3112000 	C:\WINDOWS\System32\MSASN1.dll
0x00007ff9c2120000 - 0x00007ff9c2151000 	C:\WINDOWS\SYSTEM32\ntmarta.dll
0x00007ff996fd0000 - 0x00007ff99716c000 	C:\Program Files\Android\Android Studio1\jre\jre\bin\awt.dll
0x00007ff9c5dc0000 - 0x00007ff9c5e85000 	C:\WINDOWS\System32\OLEAUT32.dll
0x00007ff9c15f0000 - 0x00007ff9c161d000 	C:\WINDOWS\SYSTEM32\dwmapi.dll
0x00007ff99da50000 - 0x00007ff99e010000 	C:\WINDOWS\SYSTEM32\d2d1.dll
0x00007ff9c0d70000 - 0x00007ff9c0dff000 	C:\WINDOWS\SYSTEM32\apphelp.dll
0x00007ff9c10c0000 - 0x00007ff9c1159000 	C:\WINDOWS\system32\uxtheme.dll

VM Arguments:
jvm_args: -Xmx1536m -Dfile.encoding=windows-1252 -Duser.country=US -Duser.language=en -Duser.variant 
java_command: org.gradle.launcher.daemon.bootstrap.GradleDaemon 6.1.1
java_class_path (initial): C:\Users\LAPTOP-MSI\.gradle\wrapper\dists\gradle-6.1.1-all\cfmwm155h49vnt3hynmlrsdst\gradle-6.1.1\lib\gradle-launcher-6.1.1.jar
Launcher Type: SUN_STANDARD

Environment Variables:
JAVA_HOME=C:\java\bin
PATH=C:\Program Files (x86)\Common Files\Oracle\Java\javapath;C:\Program Files (x86)\Intel\Intel(R) Management Engine Components\iCLS\;C:\Program Files\Intel\Intel(R) Management Engine Components\iCLS\;C:\Windows\system32;C:\Windows;C:\Windows\System32\Wbem;C:\Windows\System32\WindowsPowerShell\v1.0\;C:\Windows\System32\OpenSSH\;C:\Program Files (x86)\NVIDIA Corporation\PhysX\Common;C:\Program Files\Intel\WiFi\bin\;C:\Program Files\Common Files\Intel\WirelessCommon\;C:\Program Files (x86)\Intel\Intel(R) Management Engine Components\DAL;C:\Program Files\Intel\Intel(R) Management Engine Components\DAL;C:\Program Files (x86)\Intel\Intel(R) Management Engine Components\IPT;C:\Program Files\Intel\Intel(R) Management Engine Components\IPT;c:\Program Files (x86)\Microsoft SQL Server\110\Tools\Binn\;c:\Program Files\Microsoft SQL Server\110\Tools\Binn\;c:\Program Files\Microsoft SQL Server\110\DTS\Binn\;c:\Program Files (x86)\Microsoft SQL Server\110\Tools\Binn\ManagementStudio\;c:\Program Files (x86)\Microsoft Visual Studio 10.0\Common7\IDE\PrivateAssemblies\;c:\Program Files (x86)\Microsoft SQL Server\110\DTS\Binn\;C:\Program Files\Microsoft\Web Platform Installer\;C:\Program Files (x86)\Microsoft ASP.NET\ASP.NET Web Pages\v1.0\;C:\WINDOWS\system32;C:\WINDOWS;C:\WINDOWS\System32\Wbem;C:\WINDOWS\System32\WindowsPowerShell\v1.0\;C:\WINDOWS\System32\OpenSSH\;C:\Program Files (x86)\Windows Kits\8.1\Windows Performance Toolkit\;C:\hadoop-2.7.3\bin;C:\java\bin;C:\Program Files\nodejs\;D:\Git\cmd;C:\Program Files (x86)\Rational\common;C:\Ruby26-x64\bin;C:\Users\LAPTOP-MSI\AppData\Local\Microsoft\WindowsApps;C:\Users\LAPTOP-MSI\AppData\Roaming\npm
USERNAME=LAPTOP-MSI
OS=Windows_NT
PROCESSOR_IDENTIFIER=Intel64 Family 6 Model 158 Stepping 10, GenuineIntel



---------------  S Y S T E M  ---------------

OS: Windows 10.0 , 64 bit Build 18362 (10.0.18362.900)

CPU:total 8 (initial active 8) (4 cores per cpu, 2 threads per core) family 6 model 158 stepping 10, cmov, cx8, fxsr, mmx, sse, sse2, sse3, ssse3, sse4.1, sse4.2, popcnt, avx, avx2, aes, clmul, erms, 3dnowpref, lzcnt, ht, tsc, tscinvbit, bmi1, bmi2, adx

Memory: 4k page, physical 8232368k(1739476k free), swap 10181040k(17048k free)

vm_info: OpenJDK 64-Bit Server VM (25.242-b01) for windows-amd64 JRE (1.8.0_242-release-1644-b01), built by "builder" with MS VC++ 10.0 (VS2010)

time: Sun Jun 28 10:29:14 2020
timezone: SE Asia Standard Time
elapsed time: 339 seconds (0d 0h 5m 39s)

